This file contains any messages produced by compilers while
running configure, to aid debugging if configure makes a mistake.

It was created by zeromq configure 4.1.4, which was
generated by GNU Autoconf 2.69.  Invocation command line was

  $ ./configure -prefix=/home/fwj/constellation/github-remote/ps-lite-elastic/deps --with-libsodium=no --with-libgssapi_krb5=no

## --------- ##
## Platform. ##
## --------- ##

hostname = cloud3
uname -m = x86_64
uname -r = 4.4.0-203-generic
uname -s = Linux
uname -v = #235-Ubuntu SMP Tue Feb 2 02:49:08 UTC 2021

/usr/bin/uname -p = unknown
/bin/uname -X     = unknown

/bin/arch              = unknown
/usr/bin/arch -k       = unknown
/usr/convex/getsysinfo = unknown
/usr/bin/hostinfo      = unknown
/bin/machine           = unknown
/usr/bin/oslevel       = unknown
/bin/universe          = unknown

PATH: /usr/local/sbin
PATH: /usr/local/bin
PATH: /usr/sbin
PATH: /usr/bin
PATH: /sbin
PATH: /bin
PATH: /snap/bin


## ----------- ##
## Core tests. ##
## ----------- ##

configure:2832: checking for a BSD-compatible install
configure:2900: result: /usr/bin/install -c
configure:2911: checking whether build environment is sane
configure:2966: result: yes
configure:3117: checking for a thread-safe mkdir -p
configure:3156: result: /bin/mkdir -p
configure:3163: checking for gawk
configure:3193: result: no
configure:3163: checking for mawk
configure:3179: found /usr/bin/mawk
configure:3190: result: mawk
configure:3201: checking whether make sets $(MAKE)
configure:3223: result: yes
configure:3252: checking whether make supports nested variables
configure:3269: result: yes
configure:3358: checking whether UID '0' is supported by ustar format
configure:3361: result: yes
configure:3368: checking whether GID '0' is supported by ustar format
configure:3371: result: yes
configure:3379: checking how to create a ustar tar archive
configure:3390: tar --version
tar (GNU tar) 1.28
Copyright (C) 2014 Free Software Foundation, Inc.
License GPLv3+: GNU GPL version 3 or later <http://gnu.org/licenses/gpl.html>.
This is free software: you are free to change and redistribute it.
There is NO WARRANTY, to the extent permitted by law.

Written by John Gilmore and Jay Fenlason.
configure:3393: $? = 0
configure:3433: tardir=conftest.dir && eval tar --format=ustar -chf - "$tardir" >conftest.tar
configure:3436: $? = 0
configure:3440: tar -xf - <conftest.tar
configure:3443: $? = 0
configure:3445: cat conftest.dir/file
GrepMe
configure:3448: $? = 0
configure:3461: result: gnutar
configure:3522: checking whether make supports nested variables
configure:3539: result: yes
configure:3627: checking for gcc
configure:3643: found /usr/local/bin/gcc
configure:3654: result: gcc
configure:3883: checking for C compiler version
configure:3892: gcc --version >&5
gcc (GCC) 9.1.0
Copyright (C) 2019 Free Software Foundation, Inc.
This is free software; see the source for copying conditions.  There is NO
warranty; not even for MERCHANTABILITY or FITNESS FOR A PARTICULAR PURPOSE.

configure:3903: $? = 0
configure:3892: gcc -v >&5
Using built-in specs.
COLLECT_GCC=gcc
COLLECT_LTO_WRAPPER=/usr/local/libexec/gcc/x86_64-pc-linux-gnu/9.1.0/lto-wrapper
Target: x86_64-pc-linux-gnu
Configured with: ../configure -enable-checking=release -enable-languages=c,c++ -disable-multilib
Thread model: posix
gcc version 9.1.0 (GCC) 
configure:3903: $? = 0
configure:3892: gcc -V >&5
gcc: error: unrecognized command line option '-V'
gcc: fatal error: no input files
compilation terminated.
configure:3903: $? = 1
configure:3892: gcc -qversion >&5
gcc: error: unrecognized command line option '-qversion'; did you mean '--version'?
gcc: fatal error: no input files
compilation terminated.
configure:3903: $? = 1
configure:3923: checking whether the C compiler works
configure:3945: gcc -fPIC   conftest.c  >&5
configure:3949: $? = 0
configure:3997: result: yes
configure:4000: checking for C compiler default output file name
configure:4002: result: a.out
configure:4008: checking for suffix of executables
configure:4015: gcc -o conftest -fPIC   conftest.c  >&5
configure:4019: $? = 0
configure:4041: result: 
configure:4063: checking whether we are cross compiling
configure:4071: gcc -o conftest -fPIC   conftest.c  >&5
configure:4075: $? = 0
configure:4082: ./conftest
configure:4086: $? = 0
configure:4101: result: no
configure:4106: checking for suffix of object files
configure:4128: gcc -c -fPIC  conftest.c >&5
configure:4132: $? = 0
configure:4153: result: o
configure:4157: checking whether we are using the GNU C compiler
configure:4176: gcc -c -fPIC  conftest.c >&5
configure:4176: $? = 0
configure:4185: result: yes
configure:4194: checking whether gcc accepts -g
configure:4214: gcc -c -g  conftest.c >&5
configure:4214: $? = 0
configure:4255: result: yes
configure:4272: checking for gcc option to accept ISO C89
configure:4335: gcc  -c -fPIC  conftest.c >&5
configure:4335: $? = 0
configure:4348: result: none needed
configure:4373: checking whether gcc understands -c and -o together
configure:4395: gcc -c conftest.c -o conftest2.o
configure:4398: $? = 0
configure:4395: gcc -c conftest.c -o conftest2.o
configure:4398: $? = 0
configure:4410: result: yes
configure:4438: checking for style of include used by make
configure:4466: result: GNU
configure:4492: checking dependency style of gcc
configure:4603: result: gcc3
configure:4618: checking for gcc option to accept ISO C99
configure:4767: gcc  -c -fPIC  conftest.c >&5
configure:4767: $? = 0
configure:4780: result: none needed
configure:4853: checking for g++
configure:4869: found /usr/local/bin/g++
configure:4880: result: g++
configure:4907: checking for C++ compiler version
configure:4916: g++ --version >&5
g++ (GCC) 9.1.0
Copyright (C) 2019 Free Software Foundation, Inc.
This is free software; see the source for copying conditions.  There is NO
warranty; not even for MERCHANTABILITY or FITNESS FOR A PARTICULAR PURPOSE.

configure:4927: $? = 0
configure:4916: g++ -v >&5
Using built-in specs.
COLLECT_GCC=g++
COLLECT_LTO_WRAPPER=/usr/local/libexec/gcc/x86_64-pc-linux-gnu/9.1.0/lto-wrapper
Target: x86_64-pc-linux-gnu
Configured with: ../configure -enable-checking=release -enable-languages=c,c++ -disable-multilib
Thread model: posix
gcc version 9.1.0 (GCC) 
configure:4927: $? = 0
configure:4916: g++ -V >&5
g++: error: unrecognized command line option '-V'
g++: fatal error: no input files
compilation terminated.
configure:4927: $? = 1
configure:4916: g++ -qversion >&5
g++: error: unrecognized command line option '-qversion'; did you mean '--version'?
g++: fatal error: no input files
compilation terminated.
configure:4927: $? = 1
configure:4931: checking whether we are using the GNU C++ compiler
configure:4950: g++ -c -fPIC  conftest.cpp >&5
configure:4950: $? = 0
configure:4959: result: yes
configure:4968: checking whether g++ accepts -g
configure:4988: g++ -c -g  conftest.cpp >&5
configure:4988: $? = 0
configure:5029: result: yes
configure:5054: checking dependency style of g++
configure:5165: result: gcc3
configure:5181: checking for a sed that does not truncate output
configure:5245: result: /bin/sed
configure:5254: checking for gawk
configure:5281: result: mawk
configure:5346: checking for pkg-config
configure:5364: found /usr/bin/pkg-config
configure:5376: result: /usr/bin/pkg-config
configure:5401: checking pkg-config is at least version 0.9.0
configure:5404: result: yes
configure:5417: checking for xmlto
configure:5450: result: no
configure:5458: checking for asciidoc
configure:5491: result: no
configure:5500: checking build system type
configure:5514: result: x86_64-unknown-linux-gnu
configure:5534: checking host system type
configure:5547: result: x86_64-unknown-linux-gnu
configure:5988: checking how to print strings
configure:6015: result: printf
configure:6036: checking for a sed that does not truncate output
configure:6100: result: /bin/sed
configure:6118: checking for grep that handles long lines and -e
configure:6176: result: /bin/grep
configure:6181: checking for egrep
configure:6243: result: /bin/grep -E
configure:6248: checking for fgrep
configure:6310: result: /bin/grep -F
configure:6345: checking for ld used by gcc
configure:6412: result: /usr/bin/ld
configure:6419: checking if the linker (/usr/bin/ld) is GNU ld
configure:6434: result: yes
configure:6446: checking for BSD- or MS-compatible name lister (nm)
configure:6495: result: /usr/bin/nm -B
configure:6625: checking the name lister (/usr/bin/nm -B) interface
configure:6632: gcc -c -fPIC  conftest.c >&5
configure:6635: /usr/bin/nm -B "conftest.o"
configure:6638: output
0000000000000000 B some_variable
configure:6645: result: BSD nm
configure:6648: checking whether ln -s works
configure:6652: result: yes
configure:6660: checking the maximum length of command line arguments
configure:6791: result: 1572864
configure:6808: checking whether the shell understands some XSI constructs
configure:6818: result: yes
configure:6822: checking whether the shell understands "+="
configure:6828: result: yes
configure:6863: checking how to convert x86_64-unknown-linux-gnu file names to x86_64-unknown-linux-gnu format
configure:6903: result: func_convert_file_noop
configure:6910: checking how to convert x86_64-unknown-linux-gnu file names to toolchain format
configure:6930: result: func_convert_file_noop
configure:6937: checking for /usr/bin/ld option to reload object files
configure:6944: result: -r
configure:7018: checking for objdump
configure:7045: result: objdump
configure:7074: checking how to recognize dependent libraries
configure:7272: result: pass_all
configure:7357: checking for dlltool
configure:7384: result: dlltool
configure:7414: checking how to associate runtime and link libraries
configure:7441: result: printf %s\n
configure:7502: checking for ar
configure:7518: found /usr/bin/ar
configure:7529: result: ar
configure:7566: checking for archiver @FILE support
configure:7583: gcc -c -fPIC  conftest.c >&5
configure:7583: $? = 0
configure:7586: ar cru libconftest.a @conftest.lst >&5
ar: `u' modifier ignored since `D' is the default (see `U')
configure:7589: $? = 0
configure:7594: ar cru libconftest.a @conftest.lst >&5
ar: `u' modifier ignored since `D' is the default (see `U')
ar: conftest.o: No such file or directory
configure:7597: $? = 1
configure:7609: result: @
configure:7667: checking for strip
configure:7683: found /usr/bin/strip
configure:7694: result: strip
configure:7766: checking for ranlib
configure:7782: found /usr/bin/ranlib
configure:7793: result: ranlib
configure:7895: checking command to parse /usr/bin/nm -B output from gcc object
configure:8015: gcc -c -fPIC  conftest.c >&5
configure:8018: $? = 0
configure:8022: /usr/bin/nm -B conftest.o \| sed -n -e 's/^.*[ ]\([ABCDGIRSTW][ABCDGIRSTW]*\)[ ][ ]*\([_A-Za-z][_A-Za-z0-9]*\)$/\1 \2 \2/p' | sed '/ __gnu_lto/d' \> conftest.nm
configure:8025: $? = 0
configure:8091: gcc -o conftest -fPIC   conftest.c conftstm.o >&5
configure:8094: $? = 0
configure:8132: result: ok
configure:8169: checking for sysroot
configure:8199: result: no
configure:8276: gcc -c -fPIC  conftest.c >&5
configure:8279: $? = 0
configure:8468: checking for mt
configure:8484: found /bin/mt
configure:8495: result: mt
configure:8518: checking if mt is a manifest tool
configure:8524: mt '-?'
configure:8532: result: no
configure:9174: checking how to run the C preprocessor
configure:9205: gcc -E  conftest.c
configure:9205: $? = 0
configure:9219: gcc -E  conftest.c
conftest.c:11:10: fatal error: ac_nonexistent.h: No such file or directory
   11 | #include <ac_nonexistent.h>
      |          ^~~~~~~~~~~~~~~~~~
compilation terminated.
configure:9219: $? = 1
configure: failed program was:
| /* confdefs.h */
| #define PACKAGE_NAME "zeromq"
| #define PACKAGE_TARNAME "zeromq"
| #define PACKAGE_VERSION "4.1.4"
| #define PACKAGE_STRING "zeromq 4.1.4"
| #define PACKAGE_BUGREPORT "zeromq-dev@lists.zeromq.org"
| #define PACKAGE_URL ""
| #define PACKAGE "zeromq"
| #define VERSION "4.1.4"
| /* end confdefs.h.  */
| #include <ac_nonexistent.h>
configure:9244: result: gcc -E
configure:9264: gcc -E  conftest.c
configure:9264: $? = 0
configure:9278: gcc -E  conftest.c
conftest.c:11:10: fatal error: ac_nonexistent.h: No such file or directory
   11 | #include <ac_nonexistent.h>
      |          ^~~~~~~~~~~~~~~~~~
compilation terminated.
configure:9278: $? = 1
configure: failed program was:
| /* confdefs.h */
| #define PACKAGE_NAME "zeromq"
| #define PACKAGE_TARNAME "zeromq"
| #define PACKAGE_VERSION "4.1.4"
| #define PACKAGE_STRING "zeromq 4.1.4"
| #define PACKAGE_BUGREPORT "zeromq-dev@lists.zeromq.org"
| #define PACKAGE_URL ""
| #define PACKAGE "zeromq"
| #define VERSION "4.1.4"
| /* end confdefs.h.  */
| #include <ac_nonexistent.h>
configure:9307: checking for ANSI C header files
configure:9327: gcc -c -fPIC  conftest.c >&5
configure:9327: $? = 0
configure:9400: gcc -o conftest -fPIC   conftest.c  >&5
configure:9400: $? = 0
configure:9400: ./conftest
configure:9400: $? = 0
configure:9411: result: yes
configure:9424: checking for sys/types.h
configure:9424: gcc -c -fPIC  conftest.c >&5
configure:9424: $? = 0
configure:9424: result: yes
configure:9424: checking for sys/stat.h
configure:9424: gcc -c -fPIC  conftest.c >&5
configure:9424: $? = 0
configure:9424: result: yes
configure:9424: checking for stdlib.h
configure:9424: gcc -c -fPIC  conftest.c >&5
configure:9424: $? = 0
configure:9424: result: yes
configure:9424: checking for string.h
configure:9424: gcc -c -fPIC  conftest.c >&5
configure:9424: $? = 0
configure:9424: result: yes
configure:9424: checking for memory.h
configure:9424: gcc -c -fPIC  conftest.c >&5
configure:9424: $? = 0
configure:9424: result: yes
configure:9424: checking for strings.h
configure:9424: gcc -c -fPIC  conftest.c >&5
configure:9424: $? = 0
configure:9424: result: yes
configure:9424: checking for inttypes.h
configure:9424: gcc -c -fPIC  conftest.c >&5
configure:9424: $? = 0
configure:9424: result: yes
configure:9424: checking for stdint.h
configure:9424: gcc -c -fPIC  conftest.c >&5
configure:9424: $? = 0
configure:9424: result: yes
configure:9424: checking for unistd.h
configure:9424: gcc -c -fPIC  conftest.c >&5
configure:9424: $? = 0
configure:9424: result: yes
configure:9438: checking for dlfcn.h
configure:9438: gcc -c -fPIC  conftest.c >&5
configure:9438: $? = 0
configure:9438: result: yes
configure:9623: checking for objdir
configure:9638: result: .libs
configure:9909: checking if gcc supports -fno-rtti -fno-exceptions
configure:9927: gcc -c -fPIC  -fno-rtti -fno-exceptions conftest.c >&5
cc1: warning: command line option '-fno-rtti' is valid for C++/D/ObjC++ but not for C
configure:9931: $? = 0
configure:9944: result: no
configure:10271: checking for gcc option to produce PIC
configure:10278: result: -fPIC -DPIC
configure:10286: checking if gcc PIC flag -fPIC -DPIC works
configure:10304: gcc -c -fPIC  -fPIC -DPIC -DPIC conftest.c >&5
configure:10308: $? = 0
configure:10321: result: yes
configure:10350: checking if gcc static flag -static works
configure:10378: result: yes
configure:10393: checking if gcc supports -c -o file.o
configure:10414: gcc -c -fPIC  -o out/conftest2.o conftest.c >&5
configure:10418: $? = 0
configure:10440: result: yes
configure:10448: checking if gcc supports -c -o file.o
configure:10495: result: yes
configure:10528: checking whether the gcc linker (/usr/bin/ld -m elf_x86_64) supports shared libraries
configure:11685: result: yes
configure:11722: checking whether -lc should be explicitly linked in
configure:11730: gcc -c -fPIC  conftest.c >&5
configure:11733: $? = 0
configure:11748: gcc -shared  -fPIC -DPIC conftest.o  -v -Wl,-soname -Wl,conftest -o conftest 2\>\&1 \| /bin/grep  -lc  \>/dev/null 2\>\&1
configure:11751: $? = 0
configure:11765: result: no
configure:11925: checking dynamic linker characteristics
configure:12425: gcc -o conftest -fPIC   -Wl,-rpath -Wl,/foo conftest.c  >&5
configure:12425: $? = 0
configure:12659: result: GNU/Linux ld.so
configure:12766: checking how to hardcode library paths into programs
configure:12791: result: immediate
configure:13331: checking whether stripping libraries is possible
configure:13336: result: yes
configure:13371: checking if libtool supports shared libraries
configure:13373: result: yes
configure:13376: checking whether to build shared libraries
configure:13397: result: yes
configure:13400: checking whether to build static libraries
configure:13404: result: yes
configure:13427: checking how to run the C++ preprocessor
configure:13454: g++ -E  conftest.cpp
configure:13454: $? = 0
configure:13468: g++ -E  conftest.cpp
conftest.cpp:23:10: fatal error: ac_nonexistent.h: No such file or directory
   23 | #include <ac_nonexistent.h>
      |          ^~~~~~~~~~~~~~~~~~
compilation terminated.
configure:13468: $? = 1
configure: failed program was:
| /* confdefs.h */
| #define PACKAGE_NAME "zeromq"
| #define PACKAGE_TARNAME "zeromq"
| #define PACKAGE_VERSION "4.1.4"
| #define PACKAGE_STRING "zeromq 4.1.4"
| #define PACKAGE_BUGREPORT "zeromq-dev@lists.zeromq.org"
| #define PACKAGE_URL ""
| #define PACKAGE "zeromq"
| #define VERSION "4.1.4"
| #define STDC_HEADERS 1
| #define HAVE_SYS_TYPES_H 1
| #define HAVE_SYS_STAT_H 1
| #define HAVE_STDLIB_H 1
| #define HAVE_STRING_H 1
| #define HAVE_MEMORY_H 1
| #define HAVE_STRINGS_H 1
| #define HAVE_INTTYPES_H 1
| #define HAVE_STDINT_H 1
| #define HAVE_UNISTD_H 1
| #define HAVE_DLFCN_H 1
| #define LT_OBJDIR ".libs/"
| /* end confdefs.h.  */
| #include <ac_nonexistent.h>
configure:13493: result: g++ -E
configure:13513: g++ -E  conftest.cpp
configure:13513: $? = 0
configure:13527: g++ -E  conftest.cpp
conftest.cpp:23:10: fatal error: ac_nonexistent.h: No such file or directory
   23 | #include <ac_nonexistent.h>
      |          ^~~~~~~~~~~~~~~~~~
compilation terminated.
configure:13527: $? = 1
configure: failed program was:
| /* confdefs.h */
| #define PACKAGE_NAME "zeromq"
| #define PACKAGE_TARNAME "zeromq"
| #define PACKAGE_VERSION "4.1.4"
| #define PACKAGE_STRING "zeromq 4.1.4"
| #define PACKAGE_BUGREPORT "zeromq-dev@lists.zeromq.org"
| #define PACKAGE_URL ""
| #define PACKAGE "zeromq"
| #define VERSION "4.1.4"
| #define STDC_HEADERS 1
| #define HAVE_SYS_TYPES_H 1
| #define HAVE_SYS_STAT_H 1
| #define HAVE_STDLIB_H 1
| #define HAVE_STRING_H 1
| #define HAVE_MEMORY_H 1
| #define HAVE_STRINGS_H 1
| #define HAVE_INTTYPES_H 1
| #define HAVE_STDINT_H 1
| #define HAVE_UNISTD_H 1
| #define HAVE_DLFCN_H 1
| #define LT_OBJDIR ".libs/"
| /* end confdefs.h.  */
| #include <ac_nonexistent.h>
configure:13696: checking for ld used by g++
configure:13763: result: /usr/bin/ld -m elf_x86_64
configure:13770: checking if the linker (/usr/bin/ld -m elf_x86_64) is GNU ld
configure:13785: result: yes
configure:13840: checking whether the g++ linker (/usr/bin/ld -m elf_x86_64) supports shared libraries
configure:14842: result: yes
configure:14878: g++ -c -fPIC  conftest.cpp >&5
configure:14881: $? = 0
configure:15401: checking for g++ option to produce PIC
configure:15408: result: -fPIC -DPIC
configure:15416: checking if g++ PIC flag -fPIC -DPIC works
configure:15434: g++ -c -fPIC  -fPIC -DPIC -DPIC conftest.cpp >&5
configure:15438: $? = 0
configure:15451: result: yes
configure:15474: checking if g++ static flag -static works
configure:15502: result: yes
configure:15514: checking if g++ supports -c -o file.o
configure:15535: g++ -c -fPIC  -o out/conftest2.o conftest.cpp >&5
configure:15539: $? = 0
configure:15561: result: yes
configure:15566: checking if g++ supports -c -o file.o
configure:15613: result: yes
configure:15643: checking whether the g++ linker (/usr/bin/ld -m elf_x86_64) supports shared libraries
configure:15682: result: yes
configure:15823: checking dynamic linker characteristics
configure:16491: result: GNU/Linux ld.so
configure:16544: checking how to hardcode library paths into programs
configure:16569: result: immediate
configure:16642: checking whether the C compiler works
configure:16658: gcc -o conftest -fPIC   conftest.c  >&5
configure:16658: $? = 0
configure:16667: result: yes
configure:16675: checking whether we are using Intel C compiler
configure:16694: gcc -c -fPIC  conftest.c >&5
conftest.c: In function 'main':
conftest.c:28:8: error: 'error' undeclared (first use in this function)
   28 |        error if not ICC
      |        ^~~~~
conftest.c:28:8: note: each undeclared identifier is reported only once for each function it appears in
conftest.c:28:13: error: expected ';' before 'if'
   28 |        error if not ICC
      |             ^~~
      |             ;
configure:16694: $? = 1
configure: failed program was:
| /* confdefs.h */
| #define PACKAGE_NAME "zeromq"
| #define PACKAGE_TARNAME "zeromq"
| #define PACKAGE_VERSION "4.1.4"
| #define PACKAGE_STRING "zeromq 4.1.4"
| #define PACKAGE_BUGREPORT "zeromq-dev@lists.zeromq.org"
| #define PACKAGE_URL ""
| #define PACKAGE "zeromq"
| #define VERSION "4.1.4"
| #define STDC_HEADERS 1
| #define HAVE_SYS_TYPES_H 1
| #define HAVE_SYS_STAT_H 1
| #define HAVE_STDLIB_H 1
| #define HAVE_STRING_H 1
| #define HAVE_MEMORY_H 1
| #define HAVE_STRINGS_H 1
| #define HAVE_INTTYPES_H 1
| #define HAVE_STDINT_H 1
| #define HAVE_UNISTD_H 1
| #define HAVE_DLFCN_H 1
| #define LT_OBJDIR ".libs/"
| /* end confdefs.h.  */
| 
| int
| main ()
| {
| #ifndef __INTEL_COMPILER
|        error if not ICC
| #endif
| 
|   ;
|   return 0;
| }
configure:16702: result: no
configure:16704: checking whether we are using Sun Studio C compiler
configure:16723: gcc -c -fPIC  conftest.c >&5
conftest.c: In function 'main':
conftest.c:28:8: error: 'error' undeclared (first use in this function)
   28 |        error if not sun studio
      |        ^~~~~
conftest.c:28:8: note: each undeclared identifier is reported only once for each function it appears in
conftest.c:28:13: error: expected ';' before 'if'
   28 |        error if not sun studio
      |             ^~~
      |             ;
configure:16723: $? = 1
configure: failed program was:
| /* confdefs.h */
| #define PACKAGE_NAME "zeromq"
| #define PACKAGE_TARNAME "zeromq"
| #define PACKAGE_VERSION "4.1.4"
| #define PACKAGE_STRING "zeromq 4.1.4"
| #define PACKAGE_BUGREPORT "zeromq-dev@lists.zeromq.org"
| #define PACKAGE_URL ""
| #define PACKAGE "zeromq"
| #define VERSION "4.1.4"
| #define STDC_HEADERS 1
| #define HAVE_SYS_TYPES_H 1
| #define HAVE_SYS_STAT_H 1
| #define HAVE_STDLIB_H 1
| #define HAVE_STRING_H 1
| #define HAVE_MEMORY_H 1
| #define HAVE_STRINGS_H 1
| #define HAVE_INTTYPES_H 1
| #define HAVE_STDINT_H 1
| #define HAVE_UNISTD_H 1
| #define HAVE_DLFCN_H 1
| #define LT_OBJDIR ".libs/"
| /* end confdefs.h.  */
| 
| int
| main ()
| {
| #if !defined(__SUNPRO_CC) && !defined(__SUNPRO_C)
|        error if not sun studio
| #endif
| 
|   ;
|   return 0;
| }
configure:16731: result: no
configure:16733: checking whether we are using clang C compiler
configure:16752: gcc -c -fPIC  conftest.c >&5
conftest.c: In function 'main':
conftest.c:28:8: error: 'error' undeclared (first use in this function)
   28 |        error if not clang
      |        ^~~~~
conftest.c:28:8: note: each undeclared identifier is reported only once for each function it appears in
conftest.c:28:13: error: expected ';' before 'if'
   28 |        error if not clang
      |             ^~~
      |             ;
configure:16752: $? = 1
configure: failed program was:
| /* confdefs.h */
| #define PACKAGE_NAME "zeromq"
| #define PACKAGE_TARNAME "zeromq"
| #define PACKAGE_VERSION "4.1.4"
| #define PACKAGE_STRING "zeromq 4.1.4"
| #define PACKAGE_BUGREPORT "zeromq-dev@lists.zeromq.org"
| #define PACKAGE_URL ""
| #define PACKAGE "zeromq"
| #define VERSION "4.1.4"
| #define STDC_HEADERS 1
| #define HAVE_SYS_TYPES_H 1
| #define HAVE_SYS_STAT_H 1
| #define HAVE_STDLIB_H 1
| #define HAVE_STRING_H 1
| #define HAVE_MEMORY_H 1
| #define HAVE_STRINGS_H 1
| #define HAVE_INTTYPES_H 1
| #define HAVE_STDINT_H 1
| #define HAVE_UNISTD_H 1
| #define HAVE_DLFCN_H 1
| #define LT_OBJDIR ".libs/"
| /* end confdefs.h.  */
| 
| int
| main ()
| {
| #ifndef __clang__
|        error if not clang
| #endif
| 
|   ;
|   return 0;
| }
configure:16760: result: no
configure:16762: checking whether we are using gcc >= 4 C compiler
configure:16781: gcc -c -fPIC  conftest.c >&5
configure:16781: $? = 0
configure:16789: result: yes
configure:16806: checking whether the C++ compiler works
configure:16822: g++ -o conftest -fPIC   conftest.cpp  >&5
configure:16822: $? = 0
configure:16831: result: yes
configure:16839: checking whether we are using Intel C++ compiler
configure:16858: g++ -c -fPIC  conftest.cpp >&5
conftest.cpp: In function 'int main()':
conftest.cpp:28:8: error: 'error' was not declared in this scope
   28 |        error if not ICC
      |        ^~~~~
configure:16858: $? = 1
configure: failed program was:
| /* confdefs.h */
| #define PACKAGE_NAME "zeromq"
| #define PACKAGE_TARNAME "zeromq"
| #define PACKAGE_VERSION "4.1.4"
| #define PACKAGE_STRING "zeromq 4.1.4"
| #define PACKAGE_BUGREPORT "zeromq-dev@lists.zeromq.org"
| #define PACKAGE_URL ""
| #define PACKAGE "zeromq"
| #define VERSION "4.1.4"
| #define STDC_HEADERS 1
| #define HAVE_SYS_TYPES_H 1
| #define HAVE_SYS_STAT_H 1
| #define HAVE_STDLIB_H 1
| #define HAVE_STRING_H 1
| #define HAVE_MEMORY_H 1
| #define HAVE_STRINGS_H 1
| #define HAVE_INTTYPES_H 1
| #define HAVE_STDINT_H 1
| #define HAVE_UNISTD_H 1
| #define HAVE_DLFCN_H 1
| #define LT_OBJDIR ".libs/"
| /* end confdefs.h.  */
| 
| int
| main ()
| {
| #ifndef __INTEL_COMPILER
|        error if not ICC
| #endif
| 
|   ;
|   return 0;
| }
configure:16866: result: no
configure:16868: checking whether we are using Sun Studio C++ compiler
configure:16887: g++ -c -fPIC  conftest.cpp >&5
conftest.cpp: In function 'int main()':
conftest.cpp:28:8: error: 'error' was not declared in this scope
   28 |        error if not sun studio
      |        ^~~~~
configure:16887: $? = 1
configure: failed program was:
| /* confdefs.h */
| #define PACKAGE_NAME "zeromq"
| #define PACKAGE_TARNAME "zeromq"
| #define PACKAGE_VERSION "4.1.4"
| #define PACKAGE_STRING "zeromq 4.1.4"
| #define PACKAGE_BUGREPORT "zeromq-dev@lists.zeromq.org"
| #define PACKAGE_URL ""
| #define PACKAGE "zeromq"
| #define VERSION "4.1.4"
| #define STDC_HEADERS 1
| #define HAVE_SYS_TYPES_H 1
| #define HAVE_SYS_STAT_H 1
| #define HAVE_STDLIB_H 1
| #define HAVE_STRING_H 1
| #define HAVE_MEMORY_H 1
| #define HAVE_STRINGS_H 1
| #define HAVE_INTTYPES_H 1
| #define HAVE_STDINT_H 1
| #define HAVE_UNISTD_H 1
| #define HAVE_DLFCN_H 1
| #define LT_OBJDIR ".libs/"
| /* end confdefs.h.  */
| 
| int
| main ()
| {
| #if !defined(__SUNPRO_CC) && !defined(__SUNPRO_C)
|        error if not sun studio
| #endif
| 
|   ;
|   return 0;
| }
configure:16895: result: no
configure:16897: checking whether we are using clang C++ compiler
configure:16916: g++ -c -fPIC  conftest.cpp >&5
conftest.cpp: In function 'int main()':
conftest.cpp:28:8: error: 'error' was not declared in this scope
   28 |        error if not clang
      |        ^~~~~
configure:16916: $? = 1
configure: failed program was:
| /* confdefs.h */
| #define PACKAGE_NAME "zeromq"
| #define PACKAGE_TARNAME "zeromq"
| #define PACKAGE_VERSION "4.1.4"
| #define PACKAGE_STRING "zeromq 4.1.4"
| #define PACKAGE_BUGREPORT "zeromq-dev@lists.zeromq.org"
| #define PACKAGE_URL ""
| #define PACKAGE "zeromq"
| #define VERSION "4.1.4"
| #define STDC_HEADERS 1
| #define HAVE_SYS_TYPES_H 1
| #define HAVE_SYS_STAT_H 1
| #define HAVE_STDLIB_H 1
| #define HAVE_STRING_H 1
| #define HAVE_MEMORY_H 1
| #define HAVE_STRINGS_H 1
| #define HAVE_INTTYPES_H 1
| #define HAVE_STDINT_H 1
| #define HAVE_UNISTD_H 1
| #define HAVE_DLFCN_H 1
| #define LT_OBJDIR ".libs/"
| /* end confdefs.h.  */
| 
| int
| main ()
| {
| #ifndef __clang__
|        error if not clang
| #endif
| 
|   ;
|   return 0;
| }
configure:16924: result: no
configure:16926: checking whether we are using gcc >= 4 C++ compiler
configure:16945: g++ -c -fPIC  conftest.cpp >&5
configure:16945: $? = 0
configure:16953: result: yes
configure:16987: checking whether to enable debugging information
configure:17025: result: no
configure:17042: checking whether to enable code coverage
configure:17073: result: no
configure:17080: checking if TIPC is available and supports nonblocking connect
configure:17121: gcc -o conftest -fPIC   conftest.c  >&5
configure:17121: $? = 0
configure:17121: ./conftest
configure:17121: $? = 255
configure: program exited with status 255
configure: failed program was:
| /* confdefs.h */
| #define PACKAGE_NAME "zeromq"
| #define PACKAGE_TARNAME "zeromq"
| #define PACKAGE_VERSION "4.1.4"
| #define PACKAGE_STRING "zeromq 4.1.4"
| #define PACKAGE_BUGREPORT "zeromq-dev@lists.zeromq.org"
| #define PACKAGE_URL ""
| #define PACKAGE "zeromq"
| #define VERSION "4.1.4"
| #define STDC_HEADERS 1
| #define HAVE_SYS_TYPES_H 1
| #define HAVE_SYS_STAT_H 1
| #define HAVE_STDLIB_H 1
| #define HAVE_STRING_H 1
| #define HAVE_MEMORY_H 1
| #define HAVE_STRINGS_H 1
| #define HAVE_INTTYPES_H 1
| #define HAVE_STDINT_H 1
| #define HAVE_UNISTD_H 1
| #define HAVE_DLFCN_H 1
| #define LT_OBJDIR ".libs/"
| /* end confdefs.h.  */
| 
|             #include <stdlib.h>
|             #include <string.h>
|             #include <fcntl.h>
|             #include <errno.h>
|             #include <sys/socket.h>
|             #include <linux/tipc.h>
| 
| int
| main ()
| {
| 
|             struct sockaddr_tipc topsrv;
|             int sd = socket(AF_TIPC, SOCK_SEQPACKET, 0);
|             if (sd == -EAFNOSUPPORT) {
|                 return 1;
|             }
|             memset(&topsrv, 0, sizeof(topsrv));
|             topsrv.family = AF_TIPC;
|             topsrv.addrtype = TIPC_ADDR_NAME;
|             topsrv.addr.name.name.type = TIPC_TOP_SRV;
|             topsrv.addr.name.name.instance = TIPC_TOP_SRV;
|             fcntl(sd, F_SETFL, O_NONBLOCK);
|             if (connect(sd, (struct sockaddr *)&topsrv, sizeof(topsrv)) != 0) {
|                 if (errno != EINPROGRESS)
|                     return -1;
|             }
| 
|   ;
|   return 0;
| }
| 
configure:17131: result: no
configure:17940: checking for pthread_create in -lpthread
configure:17965: gcc -o conftest -fPIC -D_GNU_SOURCE -D_REENTRANT -D_THREAD_SAFE   conftest.c -lpthread   >&5
configure:17965: $? = 0
configure:17974: result: yes
configure:17985: checking for clock_gettime in -lrt
configure:18010: gcc -o conftest -fPIC -D_GNU_SOURCE -D_REENTRANT -D_THREAD_SAFE   conftest.c -lrt  -lpthread  >&5
configure:18010: $? = 0
configure:18019: result: yes
configure:18052: checking whether C++ compiler supports -fvisibility=hidden
configure:18084: g++ -c -fPIC -D_GNU_SOURCE -D_REENTRANT -D_THREAD_SAFE  -fvisibility=hidden conftest.cpp >&5
configure:18084: $? = 0
configure:18115: result: yes
configure:18201: checking whether C++ compiler supports dso visibility
configure:18205: result: yes
configure:18349: checking for asciidoc
configure:18377: result: no
configure:18387: checking for xmlto
configure:18415: result: no
configure:18441: checking whether to build documentation
configure:18443: result: no
configure:18446: checking whether to install manpages
configure:18448: result: yes
configure:18491: checking for suitable polling system
configure:18517: gcc -o conftest -fPIC -D_GNU_SOURCE -D_REENTRANT -D_THREAD_SAFE   conftest.c -lrt -lpthread  >&5
conftest.c:28:10: fatal error: sys/event.h: No such file or directory
   28 | #include <sys/event.h>
      |          ^~~~~~~~~~~~~
compilation terminated.
configure:18517: $? = 1
configure: failed program was:
| /* confdefs.h */
| #define PACKAGE_NAME "zeromq"
| #define PACKAGE_TARNAME "zeromq"
| #define PACKAGE_VERSION "4.1.4"
| #define PACKAGE_STRING "zeromq 4.1.4"
| #define PACKAGE_BUGREPORT "zeromq-dev@lists.zeromq.org"
| #define PACKAGE_URL ""
| #define PACKAGE "zeromq"
| #define VERSION "4.1.4"
| #define STDC_HEADERS 1
| #define HAVE_SYS_TYPES_H 1
| #define HAVE_SYS_STAT_H 1
| #define HAVE_STDLIB_H 1
| #define HAVE_STRING_H 1
| #define HAVE_MEMORY_H 1
| #define HAVE_STRINGS_H 1
| #define HAVE_INTTYPES_H 1
| #define HAVE_STDINT_H 1
| #define HAVE_UNISTD_H 1
| #define HAVE_DLFCN_H 1
| #define LT_OBJDIR ".libs/"
| #define ZMQ_HAVE_LINUX 1
| #define HAVE_LIBPTHREAD 1
| #define HAVE_LIBRT 1
| /* end confdefs.h.  */
| 
| #include <sys/types.h>
| #include <sys/event.h>
| #include <sys/time.h>
| 
| int
| main ()
| {
| 
| struct kevent t_kev;
| kqueue();
| 
| 
|   ;
|   return 0;
| }
configure:18577: gcc -o conftest -fPIC -D_GNU_SOURCE -D_REENTRANT -D_THREAD_SAFE   conftest.c -lrt -lpthread  >&5
configure:18577: $? = 0
configure:18577: ./conftest
configure:18577: $? = 0
configure:18702: result: using epoll
configure:18711: checking for ANSI C header files
configure:18815: result: yes
configure:18838: checking errno.h usability
configure:18838: gcc -c -fPIC -D_GNU_SOURCE -D_REENTRANT -D_THREAD_SAFE  -DZMQ_USE_EPOLL conftest.c >&5
configure:18838: $? = 0
configure:18838: result: yes
configure:18838: checking errno.h presence
configure:18838: gcc -E -D_GNU_SOURCE -D_REENTRANT -D_THREAD_SAFE  -DZMQ_USE_EPOLL conftest.c
configure:18838: $? = 0
configure:18838: result: yes
configure:18838: checking for errno.h
configure:18838: result: yes
configure:18838: checking time.h usability
configure:18838: gcc -c -fPIC -D_GNU_SOURCE -D_REENTRANT -D_THREAD_SAFE  -DZMQ_USE_EPOLL conftest.c >&5
configure:18838: $? = 0
configure:18838: result: yes
configure:18838: checking time.h presence
configure:18838: gcc -E -D_GNU_SOURCE -D_REENTRANT -D_THREAD_SAFE  -DZMQ_USE_EPOLL conftest.c
configure:18838: $? = 0
configure:18838: result: yes
configure:18838: checking for time.h
configure:18838: result: yes
configure:18838: checking for unistd.h
configure:18838: result: yes
configure:18838: checking limits.h usability
configure:18838: gcc -c -fPIC -D_GNU_SOURCE -D_REENTRANT -D_THREAD_SAFE  -DZMQ_USE_EPOLL conftest.c >&5
configure:18838: $? = 0
configure:18838: result: yes
configure:18838: checking limits.h presence
configure:18838: gcc -E -D_GNU_SOURCE -D_REENTRANT -D_THREAD_SAFE  -DZMQ_USE_EPOLL conftest.c
configure:18838: $? = 0
configure:18838: result: yes
configure:18838: checking for limits.h
configure:18838: result: yes
configure:18838: checking stddef.h usability
configure:18838: gcc -c -fPIC -D_GNU_SOURCE -D_REENTRANT -D_THREAD_SAFE  -DZMQ_USE_EPOLL conftest.c >&5
configure:18838: $? = 0
configure:18838: result: yes
configure:18838: checking stddef.h presence
configure:18838: gcc -E -D_GNU_SOURCE -D_REENTRANT -D_THREAD_SAFE  -DZMQ_USE_EPOLL conftest.c
configure:18838: $? = 0
configure:18838: result: yes
configure:18838: checking for stddef.h
configure:18838: result: yes
configure:18838: checking for stdlib.h
configure:18838: result: yes
configure:18838: checking for string.h
configure:18838: result: yes
configure:18838: checking arpa/inet.h usability
configure:18838: gcc -c -fPIC -D_GNU_SOURCE -D_REENTRANT -D_THREAD_SAFE  -DZMQ_USE_EPOLL conftest.c >&5
configure:18838: $? = 0
configure:18838: result: yes
configure:18838: checking arpa/inet.h presence
configure:18838: gcc -E -D_GNU_SOURCE -D_REENTRANT -D_THREAD_SAFE  -DZMQ_USE_EPOLL conftest.c
configure:18838: $? = 0
configure:18838: result: yes
configure:18838: checking for arpa/inet.h
configure:18838: result: yes
configure:18838: checking netinet/tcp.h usability
configure:18838: gcc -c -fPIC -D_GNU_SOURCE -D_REENTRANT -D_THREAD_SAFE  -DZMQ_USE_EPOLL conftest.c >&5
configure:18838: $? = 0
configure:18838: result: yes
configure:18838: checking netinet/tcp.h presence
configure:18838: gcc -E -D_GNU_SOURCE -D_REENTRANT -D_THREAD_SAFE  -DZMQ_USE_EPOLL conftest.c
configure:18838: $? = 0
configure:18838: result: yes
configure:18838: checking for netinet/tcp.h
configure:18838: result: yes
configure:18838: checking netinet/in.h usability
configure:18838: gcc -c -fPIC -D_GNU_SOURCE -D_REENTRANT -D_THREAD_SAFE  -DZMQ_USE_EPOLL conftest.c >&5
configure:18838: $? = 0
configure:18838: result: yes
configure:18838: checking netinet/in.h presence
configure:18838: gcc -E -D_GNU_SOURCE -D_REENTRANT -D_THREAD_SAFE  -DZMQ_USE_EPOLL conftest.c
configure:18838: $? = 0
configure:18838: result: yes
configure:18838: checking for netinet/in.h
configure:18838: result: yes
configure:18838: checking sys/socket.h usability
configure:18838: gcc -c -fPIC -D_GNU_SOURCE -D_REENTRANT -D_THREAD_SAFE  -DZMQ_USE_EPOLL conftest.c >&5
configure:18838: $? = 0
configure:18838: result: yes
configure:18838: checking sys/socket.h presence
configure:18838: gcc -E -D_GNU_SOURCE -D_REENTRANT -D_THREAD_SAFE  -DZMQ_USE_EPOLL conftest.c
configure:18838: $? = 0
configure:18838: result: yes
configure:18838: checking for sys/socket.h
configure:18838: result: yes
configure:18838: checking sys/time.h usability
configure:18838: gcc -c -fPIC -D_GNU_SOURCE -D_REENTRANT -D_THREAD_SAFE  -DZMQ_USE_EPOLL conftest.c >&5
configure:18838: $? = 0
configure:18838: result: yes
configure:18838: checking sys/time.h presence
configure:18838: gcc -E -D_GNU_SOURCE -D_REENTRANT -D_THREAD_SAFE  -DZMQ_USE_EPOLL conftest.c
configure:18838: $? = 0
configure:18838: result: yes
configure:18838: checking for sys/time.h
configure:18838: result: yes
configure:18852: checking ifaddrs.h usability
configure:18852: gcc -c -fPIC -D_GNU_SOURCE -D_REENTRANT -D_THREAD_SAFE  -DZMQ_USE_EPOLL conftest.c >&5
configure:18852: $? = 0
configure:18852: result: yes
configure:18852: checking ifaddrs.h presence
configure:18852: gcc -E -D_GNU_SOURCE -D_REENTRANT -D_THREAD_SAFE  -DZMQ_USE_EPOLL conftest.c
configure:18852: $? = 0
configure:18852: result: yes
configure:18852: checking for ifaddrs.h
configure:18852: result: yes
configure:18868: checking sys/uio.h usability
configure:18868: gcc -c -fPIC -D_GNU_SOURCE -D_REENTRANT -D_THREAD_SAFE  -DZMQ_USE_EPOLL conftest.c >&5
configure:18868: $? = 0
configure:18868: result: yes
configure:18868: checking sys/uio.h presence
configure:18868: gcc -E -D_GNU_SOURCE -D_REENTRANT -D_THREAD_SAFE  -DZMQ_USE_EPOLL conftest.c
configure:18868: $? = 0
configure:18868: result: yes
configure:18868: checking for sys/uio.h
configure:18868: result: yes
configure:18894: checking sys/eventfd.h usability
configure:18894: gcc -c -fPIC -D_GNU_SOURCE -D_REENTRANT -D_THREAD_SAFE  -DZMQ_USE_EPOLL conftest.c >&5
configure:18894: $? = 0
configure:18894: result: yes
configure:18894: checking sys/eventfd.h presence
configure:18894: gcc -E -D_GNU_SOURCE -D_REENTRANT -D_THREAD_SAFE  -DZMQ_USE_EPOLL conftest.c
configure:18894: $? = 0
configure:18894: result: yes
configure:18894: checking for sys/eventfd.h
configure:18894: result: yes
configure:18916: checking whether SO_PEERCRED is declared
configure:18916: g++ -c -fPIC -D_GNU_SOURCE -D_REENTRANT -D_THREAD_SAFE  -DZMQ_USE_EPOLL conftest.cpp >&5
configure:18916: $? = 0
configure:18916: result: yes
configure:18934: checking whether LOCAL_PEERCRED is declared
configure:18934: g++ -c -fPIC -D_GNU_SOURCE -D_REENTRANT -D_THREAD_SAFE  -DZMQ_USE_EPOLL conftest.cpp >&5
conftest.cpp: In function 'int main()':
conftest.cpp:54:10: error: 'LOCAL_PEERCRED' was not declared in this scope; did you mean 'SO_PEERCRED'?
   54 |   (void) LOCAL_PEERCRED;
      |          ^~~~~~~~~~~~~~
      |          SO_PEERCRED
configure:18934: $? = 1
configure: failed program was:
| /* confdefs.h */
| #define PACKAGE_NAME "zeromq"
| #define PACKAGE_TARNAME "zeromq"
| #define PACKAGE_VERSION "4.1.4"
| #define PACKAGE_STRING "zeromq 4.1.4"
| #define PACKAGE_BUGREPORT "zeromq-dev@lists.zeromq.org"
| #define PACKAGE_URL ""
| #define PACKAGE "zeromq"
| #define VERSION "4.1.4"
| #define STDC_HEADERS 1
| #define HAVE_SYS_TYPES_H 1
| #define HAVE_SYS_STAT_H 1
| #define HAVE_STDLIB_H 1
| #define HAVE_STRING_H 1
| #define HAVE_MEMORY_H 1
| #define HAVE_STRINGS_H 1
| #define HAVE_INTTYPES_H 1
| #define HAVE_STDINT_H 1
| #define HAVE_UNISTD_H 1
| #define HAVE_DLFCN_H 1
| #define LT_OBJDIR ".libs/"
| #define ZMQ_HAVE_LINUX 1
| #define HAVE_LIBPTHREAD 1
| #define HAVE_LIBRT 1
| #define STDC_HEADERS 1
| #define HAVE_ERRNO_H 1
| #define HAVE_TIME_H 1
| #define HAVE_UNISTD_H 1
| #define HAVE_LIMITS_H 1
| #define HAVE_STDDEF_H 1
| #define HAVE_STDLIB_H 1
| #define HAVE_STRING_H 1
| #define HAVE_ARPA_INET_H 1
| #define HAVE_NETINET_TCP_H 1
| #define HAVE_NETINET_IN_H 1
| #define HAVE_SYS_SOCKET_H 1
| #define HAVE_SYS_TIME_H 1
| #define HAVE_IFADDRS_H 1
| #define ZMQ_HAVE_IFADDRS 1
| #define HAVE_SYS_UIO_H 1
| #define ZMQ_HAVE_UIO 1
| #define HAVE_SYS_EVENTFD_H 1
| #define ZMQ_HAVE_EVENTFD 1
| #define HAVE_DECL_SO_PEERCRED 1
| #define ZMQ_HAVE_SO_PEERCRED 1
| /* end confdefs.h.  */
| #include <sys/socket.h>
| 
| int
| main ()
| {
| #ifndef LOCAL_PEERCRED
| #ifdef __cplusplus
|   (void) LOCAL_PEERCRED;
| #else
|   (void) LOCAL_PEERCRED;
| #endif
| #endif
| 
|   ;
|   return 0;
| }
configure:18934: result: no
configure:18961: checking for stdbool.h that conforms to C99
configure:19028: g++ -c -fPIC -D_GNU_SOURCE -D_REENTRANT -D_THREAD_SAFE  -DZMQ_USE_EPOLL conftest.cpp >&5
conftest.cpp:51:15: error: expected unqualified-id before string constant
   51 |               "error: bool is not defined"
      |               ^~~~~~~~~~~~~~~~~~~~~~~~~~~~
conftest.cpp:69:48: error: 's' does not name a type
   69 |              struct s { _Bool s: 1; _Bool t; } s;
      |                                                ^
conftest.cpp:79:28: error: 's' was not declared in this scope
   79 |              char i[sizeof s.t];
      |                            ^
conftest.cpp: In function 'int main()':
conftest.cpp:97:24: error: 's' was not declared in this scope
   97 |              bool e = &s;
      |                        ^
conftest.cpp:101:63: error: 'i' was not declared in this scope
  101 |              return (!a + !b + !c + !d + !e + !f + !g + !h + !i + !!j + !k + !!l
      |                                                               ^
configure:19028: $? = 1
configure: failed program was:
| /* confdefs.h */
| #define PACKAGE_NAME "zeromq"
| #define PACKAGE_TARNAME "zeromq"
| #define PACKAGE_VERSION "4.1.4"
| #define PACKAGE_STRING "zeromq 4.1.4"
| #define PACKAGE_BUGREPORT "zeromq-dev@lists.zeromq.org"
| #define PACKAGE_URL ""
| #define PACKAGE "zeromq"
| #define VERSION "4.1.4"
| #define STDC_HEADERS 1
| #define HAVE_SYS_TYPES_H 1
| #define HAVE_SYS_STAT_H 1
| #define HAVE_STDLIB_H 1
| #define HAVE_STRING_H 1
| #define HAVE_MEMORY_H 1
| #define HAVE_STRINGS_H 1
| #define HAVE_INTTYPES_H 1
| #define HAVE_STDINT_H 1
| #define HAVE_UNISTD_H 1
| #define HAVE_DLFCN_H 1
| #define LT_OBJDIR ".libs/"
| #define ZMQ_HAVE_LINUX 1
| #define HAVE_LIBPTHREAD 1
| #define HAVE_LIBRT 1
| #define STDC_HEADERS 1
| #define HAVE_ERRNO_H 1
| #define HAVE_TIME_H 1
| #define HAVE_UNISTD_H 1
| #define HAVE_LIMITS_H 1
| #define HAVE_STDDEF_H 1
| #define HAVE_STDLIB_H 1
| #define HAVE_STRING_H 1
| #define HAVE_ARPA_INET_H 1
| #define HAVE_NETINET_TCP_H 1
| #define HAVE_NETINET_IN_H 1
| #define HAVE_SYS_SOCKET_H 1
| #define HAVE_SYS_TIME_H 1
| #define HAVE_IFADDRS_H 1
| #define ZMQ_HAVE_IFADDRS 1
| #define HAVE_SYS_UIO_H 1
| #define ZMQ_HAVE_UIO 1
| #define HAVE_SYS_EVENTFD_H 1
| #define ZMQ_HAVE_EVENTFD 1
| #define HAVE_DECL_SO_PEERCRED 1
| #define ZMQ_HAVE_SO_PEERCRED 1
| #define HAVE_DECL_LOCAL_PEERCRED 0
| /* end confdefs.h.  */
| 
|              #include <stdbool.h>
|              #ifndef bool
|               "error: bool is not defined"
|              #endif
|              #ifndef false
|               "error: false is not defined"
|              #endif
|              #if false
|               "error: false is not 0"
|              #endif
|              #ifndef true
|               "error: true is not defined"
|              #endif
|              #if true != 1
|               "error: true is not 1"
|              #endif
|              #ifndef __bool_true_false_are_defined
|               "error: __bool_true_false_are_defined is not defined"
|              #endif
| 
|              struct s { _Bool s: 1; _Bool t; } s;
| 
|              char a[true == 1 ? 1 : -1];
|              char b[false == 0 ? 1 : -1];
|              char c[__bool_true_false_are_defined == 1 ? 1 : -1];
|              char d[(bool) 0.5 == true ? 1 : -1];
|              /* See body of main program for 'e'.  */
|              char f[(_Bool) 0.0 == false ? 1 : -1];
|              char g[true];
|              char h[sizeof (_Bool)];
|              char i[sizeof s.t];
|              enum { j = false, k = true, l = false * true, m = true * 256 };
|              /* The following fails for
|                 HP aC++/ANSI C B3910B A.05.55 [Dec 04 2003]. */
|              _Bool n[m];
|              char o[sizeof n == m * sizeof n[0] ? 1 : -1];
|              char p[-1 - (_Bool) 0 < 0 && -1 - (bool) 0 < 0 ? 1 : -1];
|              /* Catch a bug in an HP-UX C compiler.  See
|                 http://gcc.gnu.org/ml/gcc-patches/2003-12/msg02303.html
|                 http://lists.gnu.org/archive/html/bug-coreutils/2005-11/msg00161.html
|               */
|              _Bool q = true;
|              _Bool *pq = &q;
| 
| int
| main ()
| {
| 
|              bool e = &s;
|              *pq |= q;
|              *pq |= ! q;
|              /* Refer to every declared value, to avoid compiler optimizations.  */
|              return (!a + !b + !c + !d + !e + !f + !g + !h + !i + !!j + !k + !!l
|                      + !m + !n + !o + !p + !q + !pq);
| 
|   ;
|   return 0;
| }
configure:19035: result: no
configure:19037: checking for _Bool
configure:19037: g++ -c -fPIC -D_GNU_SOURCE -D_REENTRANT -D_THREAD_SAFE  -DZMQ_USE_EPOLL conftest.cpp >&5
conftest.cpp: In function 'int main()':
conftest.cpp:84:13: error: '_Bool' was not declared in this scope
   84 | if (sizeof (_Bool))
      |             ^~~~~
configure:19037: $? = 1
configure: failed program was:
| /* confdefs.h */
| #define PACKAGE_NAME "zeromq"
| #define PACKAGE_TARNAME "zeromq"
| #define PACKAGE_VERSION "4.1.4"
| #define PACKAGE_STRING "zeromq 4.1.4"
| #define PACKAGE_BUGREPORT "zeromq-dev@lists.zeromq.org"
| #define PACKAGE_URL ""
| #define PACKAGE "zeromq"
| #define VERSION "4.1.4"
| #define STDC_HEADERS 1
| #define HAVE_SYS_TYPES_H 1
| #define HAVE_SYS_STAT_H 1
| #define HAVE_STDLIB_H 1
| #define HAVE_STRING_H 1
| #define HAVE_MEMORY_H 1
| #define HAVE_STRINGS_H 1
| #define HAVE_INTTYPES_H 1
| #define HAVE_STDINT_H 1
| #define HAVE_UNISTD_H 1
| #define HAVE_DLFCN_H 1
| #define LT_OBJDIR ".libs/"
| #define ZMQ_HAVE_LINUX 1
| #define HAVE_LIBPTHREAD 1
| #define HAVE_LIBRT 1
| #define STDC_HEADERS 1
| #define HAVE_ERRNO_H 1
| #define HAVE_TIME_H 1
| #define HAVE_UNISTD_H 1
| #define HAVE_LIMITS_H 1
| #define HAVE_STDDEF_H 1
| #define HAVE_STDLIB_H 1
| #define HAVE_STRING_H 1
| #define HAVE_ARPA_INET_H 1
| #define HAVE_NETINET_TCP_H 1
| #define HAVE_NETINET_IN_H 1
| #define HAVE_SYS_SOCKET_H 1
| #define HAVE_SYS_TIME_H 1
| #define HAVE_IFADDRS_H 1
| #define ZMQ_HAVE_IFADDRS 1
| #define HAVE_SYS_UIO_H 1
| #define ZMQ_HAVE_UIO 1
| #define HAVE_SYS_EVENTFD_H 1
| #define ZMQ_HAVE_EVENTFD 1
| #define HAVE_DECL_SO_PEERCRED 1
| #define ZMQ_HAVE_SO_PEERCRED 1
| #define HAVE_DECL_LOCAL_PEERCRED 0
| /* end confdefs.h.  */
| #include <stdio.h>
| #ifdef HAVE_SYS_TYPES_H
| # include <sys/types.h>
| #endif
| #ifdef HAVE_SYS_STAT_H
| # include <sys/stat.h>
| #endif
| #ifdef STDC_HEADERS
| # include <stdlib.h>
| # include <stddef.h>
| #else
| # ifdef HAVE_STDLIB_H
| #  include <stdlib.h>
| # endif
| #endif
| #ifdef HAVE_STRING_H
| # if !defined STDC_HEADERS && defined HAVE_MEMORY_H
| #  include <memory.h>
| # endif
| # include <string.h>
| #endif
| #ifdef HAVE_STRINGS_H
| # include <strings.h>
| #endif
| #ifdef HAVE_INTTYPES_H
| # include <inttypes.h>
| #endif
| #ifdef HAVE_STDINT_H
| # include <stdint.h>
| #endif
| #ifdef HAVE_UNISTD_H
| # include <unistd.h>
| #endif
| int
| main ()
| {
| if (sizeof (_Bool))
| 	 return 0;
|   ;
|   return 0;
| }
configure:19037: result: no
configure:19054: checking for an ANSI C-conforming const
configure:19120: g++ -c -fPIC -D_GNU_SOURCE -D_REENTRANT -D_THREAD_SAFE  -DZMQ_USE_EPOLL conftest.cpp >&5
configure:19120: $? = 0
configure:19127: result: yes
configure:19135: checking for inline
configure:19151: g++ -c -fPIC -D_GNU_SOURCE -D_REENTRANT -D_THREAD_SAFE  -DZMQ_USE_EPOLL conftest.cpp >&5
configure:19151: $? = 0
configure:19159: result: inline
configure:19227: checking for size_t
configure:19227: g++ -c -fPIC -D_GNU_SOURCE -D_REENTRANT -D_THREAD_SAFE  -DZMQ_USE_EPOLL conftest.cpp >&5
configure:19227: $? = 0
configure:19227: g++ -c -fPIC -D_GNU_SOURCE -D_REENTRANT -D_THREAD_SAFE  -DZMQ_USE_EPOLL conftest.cpp >&5
conftest.cpp: In function 'int main()':
conftest.cpp:84:20: error: expected primary-expression before ')' token
   84 | if (sizeof ((size_t)))
      |                    ^
configure:19227: $? = 1
configure: failed program was:
| /* confdefs.h */
| #define PACKAGE_NAME "zeromq"
| #define PACKAGE_TARNAME "zeromq"
| #define PACKAGE_VERSION "4.1.4"
| #define PACKAGE_STRING "zeromq 4.1.4"
| #define PACKAGE_BUGREPORT "zeromq-dev@lists.zeromq.org"
| #define PACKAGE_URL ""
| #define PACKAGE "zeromq"
| #define VERSION "4.1.4"
| #define STDC_HEADERS 1
| #define HAVE_SYS_TYPES_H 1
| #define HAVE_SYS_STAT_H 1
| #define HAVE_STDLIB_H 1
| #define HAVE_STRING_H 1
| #define HAVE_MEMORY_H 1
| #define HAVE_STRINGS_H 1
| #define HAVE_INTTYPES_H 1
| #define HAVE_STDINT_H 1
| #define HAVE_UNISTD_H 1
| #define HAVE_DLFCN_H 1
| #define LT_OBJDIR ".libs/"
| #define ZMQ_HAVE_LINUX 1
| #define HAVE_LIBPTHREAD 1
| #define HAVE_LIBRT 1
| #define STDC_HEADERS 1
| #define HAVE_ERRNO_H 1
| #define HAVE_TIME_H 1
| #define HAVE_UNISTD_H 1
| #define HAVE_LIMITS_H 1
| #define HAVE_STDDEF_H 1
| #define HAVE_STDLIB_H 1
| #define HAVE_STRING_H 1
| #define HAVE_ARPA_INET_H 1
| #define HAVE_NETINET_TCP_H 1
| #define HAVE_NETINET_IN_H 1
| #define HAVE_SYS_SOCKET_H 1
| #define HAVE_SYS_TIME_H 1
| #define HAVE_IFADDRS_H 1
| #define ZMQ_HAVE_IFADDRS 1
| #define HAVE_SYS_UIO_H 1
| #define ZMQ_HAVE_UIO 1
| #define HAVE_SYS_EVENTFD_H 1
| #define ZMQ_HAVE_EVENTFD 1
| #define HAVE_DECL_SO_PEERCRED 1
| #define ZMQ_HAVE_SO_PEERCRED 1
| #define HAVE_DECL_LOCAL_PEERCRED 0
| /* end confdefs.h.  */
| #include <stdio.h>
| #ifdef HAVE_SYS_TYPES_H
| # include <sys/types.h>
| #endif
| #ifdef HAVE_SYS_STAT_H
| # include <sys/stat.h>
| #endif
| #ifdef STDC_HEADERS
| # include <stdlib.h>
| # include <stddef.h>
| #else
| # ifdef HAVE_STDLIB_H
| #  include <stdlib.h>
| # endif
| #endif
| #ifdef HAVE_STRING_H
| # if !defined STDC_HEADERS && defined HAVE_MEMORY_H
| #  include <memory.h>
| # endif
| # include <string.h>
| #endif
| #ifdef HAVE_STRINGS_H
| # include <strings.h>
| #endif
| #ifdef HAVE_INTTYPES_H
| # include <inttypes.h>
| #endif
| #ifdef HAVE_STDINT_H
| # include <stdint.h>
| #endif
| #ifdef HAVE_UNISTD_H
| # include <unistd.h>
| #endif
| int
| main ()
| {
| if (sizeof ((size_t)))
| 	    return 0;
|   ;
|   return 0;
| }
configure:19227: result: yes
configure:19238: checking for ssize_t
configure:19238: g++ -c -fPIC -D_GNU_SOURCE -D_REENTRANT -D_THREAD_SAFE  -DZMQ_USE_EPOLL conftest.cpp >&5
configure:19238: $? = 0
configure:19238: g++ -c -fPIC -D_GNU_SOURCE -D_REENTRANT -D_THREAD_SAFE  -DZMQ_USE_EPOLL conftest.cpp >&5
conftest.cpp: In function 'int main()':
conftest.cpp:84:21: error: expected primary-expression before ')' token
   84 | if (sizeof ((ssize_t)))
      |                     ^
configure:19238: $? = 1
configure: failed program was:
| /* confdefs.h */
| #define PACKAGE_NAME "zeromq"
| #define PACKAGE_TARNAME "zeromq"
| #define PACKAGE_VERSION "4.1.4"
| #define PACKAGE_STRING "zeromq 4.1.4"
| #define PACKAGE_BUGREPORT "zeromq-dev@lists.zeromq.org"
| #define PACKAGE_URL ""
| #define PACKAGE "zeromq"
| #define VERSION "4.1.4"
| #define STDC_HEADERS 1
| #define HAVE_SYS_TYPES_H 1
| #define HAVE_SYS_STAT_H 1
| #define HAVE_STDLIB_H 1
| #define HAVE_STRING_H 1
| #define HAVE_MEMORY_H 1
| #define HAVE_STRINGS_H 1
| #define HAVE_INTTYPES_H 1
| #define HAVE_STDINT_H 1
| #define HAVE_UNISTD_H 1
| #define HAVE_DLFCN_H 1
| #define LT_OBJDIR ".libs/"
| #define ZMQ_HAVE_LINUX 1
| #define HAVE_LIBPTHREAD 1
| #define HAVE_LIBRT 1
| #define STDC_HEADERS 1
| #define HAVE_ERRNO_H 1
| #define HAVE_TIME_H 1
| #define HAVE_UNISTD_H 1
| #define HAVE_LIMITS_H 1
| #define HAVE_STDDEF_H 1
| #define HAVE_STDLIB_H 1
| #define HAVE_STRING_H 1
| #define HAVE_ARPA_INET_H 1
| #define HAVE_NETINET_TCP_H 1
| #define HAVE_NETINET_IN_H 1
| #define HAVE_SYS_SOCKET_H 1
| #define HAVE_SYS_TIME_H 1
| #define HAVE_IFADDRS_H 1
| #define ZMQ_HAVE_IFADDRS 1
| #define HAVE_SYS_UIO_H 1
| #define ZMQ_HAVE_UIO 1
| #define HAVE_SYS_EVENTFD_H 1
| #define ZMQ_HAVE_EVENTFD 1
| #define HAVE_DECL_SO_PEERCRED 1
| #define ZMQ_HAVE_SO_PEERCRED 1
| #define HAVE_DECL_LOCAL_PEERCRED 0
| /* end confdefs.h.  */
| #include <stdio.h>
| #ifdef HAVE_SYS_TYPES_H
| # include <sys/types.h>
| #endif
| #ifdef HAVE_SYS_STAT_H
| # include <sys/stat.h>
| #endif
| #ifdef STDC_HEADERS
| # include <stdlib.h>
| # include <stddef.h>
| #else
| # ifdef HAVE_STDLIB_H
| #  include <stdlib.h>
| # endif
| #endif
| #ifdef HAVE_STRING_H
| # if !defined STDC_HEADERS && defined HAVE_MEMORY_H
| #  include <memory.h>
| # endif
| # include <string.h>
| #endif
| #ifdef HAVE_STRINGS_H
| # include <strings.h>
| #endif
| #ifdef HAVE_INTTYPES_H
| # include <inttypes.h>
| #endif
| #ifdef HAVE_STDINT_H
| # include <stdint.h>
| #endif
| #ifdef HAVE_UNISTD_H
| # include <unistd.h>
| #endif
| int
| main ()
| {
| if (sizeof ((ssize_t)))
| 	    return 0;
|   ;
|   return 0;
| }
configure:19238: result: yes
configure:19251: checking whether time.h and sys/time.h may both be included
configure:19271: g++ -c -fPIC -D_GNU_SOURCE -D_REENTRANT -D_THREAD_SAFE  -DZMQ_USE_EPOLL conftest.cpp >&5
configure:19271: $? = 0
configure:19278: result: yes
configure:19286: checking for uint32_t
configure:19286: g++ -c -fPIC -D_GNU_SOURCE -D_REENTRANT -D_THREAD_SAFE  -DZMQ_USE_EPOLL conftest.cpp >&5
configure:19286: $? = 0
configure:19286: result: yes
configure:19300: checking for working volatile
configure:19319: g++ -c -fPIC -D_GNU_SOURCE -D_REENTRANT -D_THREAD_SAFE  -DZMQ_USE_EPOLL conftest.cpp >&5
configure:19319: $? = 0
configure:19326: result: yes
configure:19815: checking "with_norm_ext = no"
configure:19843: checking how to enable additional warnings for C++ compiler
configure:19878: result: -Wall
configure:19890: checking how to turn warnings to errors in C++ compiler
configure:19921: result: -Werror
configure:19934: checking how to enable strict standards compliance in C++ compiler
configure:19969: result: -pedantic
configure:20020: checking return type of signal handlers
configure:20038: g++ -c -fPIC -pedantic -Werror -Wall -D_GNU_SOURCE -D_REENTRANT -D_THREAD_SAFE  -DZMQ_USE_EPOLL conftest.cpp >&5
conftest.cpp: In function 'int main()':
conftest.cpp:55:25: error: void value not ignored as it ought to be
   55 | return *(signal (0, 0)) (0) == 1;
      |         ~~~~~~~~~~~~~~~~^~~
configure:20038: $? = 1
configure: failed program was:
| /* confdefs.h */
| #define PACKAGE_NAME "zeromq"
| #define PACKAGE_TARNAME "zeromq"
| #define PACKAGE_VERSION "4.1.4"
| #define PACKAGE_STRING "zeromq 4.1.4"
| #define PACKAGE_BUGREPORT "zeromq-dev@lists.zeromq.org"
| #define PACKAGE_URL ""
| #define PACKAGE "zeromq"
| #define VERSION "4.1.4"
| #define STDC_HEADERS 1
| #define HAVE_SYS_TYPES_H 1
| #define HAVE_SYS_STAT_H 1
| #define HAVE_STDLIB_H 1
| #define HAVE_STRING_H 1
| #define HAVE_MEMORY_H 1
| #define HAVE_STRINGS_H 1
| #define HAVE_INTTYPES_H 1
| #define HAVE_STDINT_H 1
| #define HAVE_UNISTD_H 1
| #define HAVE_DLFCN_H 1
| #define LT_OBJDIR ".libs/"
| #define ZMQ_HAVE_LINUX 1
| #define HAVE_LIBPTHREAD 1
| #define HAVE_LIBRT 1
| #define STDC_HEADERS 1
| #define HAVE_ERRNO_H 1
| #define HAVE_TIME_H 1
| #define HAVE_UNISTD_H 1
| #define HAVE_LIMITS_H 1
| #define HAVE_STDDEF_H 1
| #define HAVE_STDLIB_H 1
| #define HAVE_STRING_H 1
| #define HAVE_ARPA_INET_H 1
| #define HAVE_NETINET_TCP_H 1
| #define HAVE_NETINET_IN_H 1
| #define HAVE_SYS_SOCKET_H 1
| #define HAVE_SYS_TIME_H 1
| #define HAVE_IFADDRS_H 1
| #define ZMQ_HAVE_IFADDRS 1
| #define HAVE_SYS_UIO_H 1
| #define ZMQ_HAVE_UIO 1
| #define HAVE_SYS_EVENTFD_H 1
| #define ZMQ_HAVE_EVENTFD 1
| #define HAVE_DECL_SO_PEERCRED 1
| #define ZMQ_HAVE_SO_PEERCRED 1
| #define HAVE_DECL_LOCAL_PEERCRED 0
| #define TIME_WITH_SYS_TIME 1
| /* end confdefs.h.  */
| #include <sys/types.h>
| #include <signal.h>
| 
| int
| main ()
| {
| return *(signal (0, 0)) (0) == 1;
|   ;
|   return 0;
| }
configure:20045: result: void
configure:20056: checking for perror
configure:20056: g++ -o conftest -fPIC -pedantic -Werror -Wall -D_GNU_SOURCE -D_REENTRANT -D_THREAD_SAFE  -DZMQ_USE_EPOLL  conftest.cpp -lrt -lpthread  >&5
configure:20056: $? = 0
configure:20056: result: yes
configure:20056: checking for gettimeofday
configure:20056: g++ -o conftest -fPIC -pedantic -Werror -Wall -D_GNU_SOURCE -D_REENTRANT -D_THREAD_SAFE  -DZMQ_USE_EPOLL  conftest.cpp -lrt -lpthread  >&5
configure:20056: $? = 0
configure:20056: result: yes
configure:20056: checking for clock_gettime
configure:20056: g++ -o conftest -fPIC -pedantic -Werror -Wall -D_GNU_SOURCE -D_REENTRANT -D_THREAD_SAFE  -DZMQ_USE_EPOLL  conftest.cpp -lrt -lpthread  >&5
configure:20056: $? = 0
configure:20056: result: yes
configure:20056: checking for memset
configure:20056: g++ -o conftest -fPIC -pedantic -Werror -Wall -D_GNU_SOURCE -D_REENTRANT -D_THREAD_SAFE  -DZMQ_USE_EPOLL  conftest.cpp -lrt -lpthread  >&5
conftest.cpp:76:6: error: declaration of 'char memset()' conflicts with built-in declaration 'void* memset(void*, int, long unsigned int)' [-Werror=builtin-declaration-mismatch]
   76 | char memset ();
      |      ^~~~~~
cc1plus: all warnings being treated as errors
configure:20056: $? = 1
configure: failed program was:
| /* confdefs.h */
| #define PACKAGE_NAME "zeromq"
| #define PACKAGE_TARNAME "zeromq"
| #define PACKAGE_VERSION "4.1.4"
| #define PACKAGE_STRING "zeromq 4.1.4"
| #define PACKAGE_BUGREPORT "zeromq-dev@lists.zeromq.org"
| #define PACKAGE_URL ""
| #define PACKAGE "zeromq"
| #define VERSION "4.1.4"
| #define STDC_HEADERS 1
| #define HAVE_SYS_TYPES_H 1
| #define HAVE_SYS_STAT_H 1
| #define HAVE_STDLIB_H 1
| #define HAVE_STRING_H 1
| #define HAVE_MEMORY_H 1
| #define HAVE_STRINGS_H 1
| #define HAVE_INTTYPES_H 1
| #define HAVE_STDINT_H 1
| #define HAVE_UNISTD_H 1
| #define HAVE_DLFCN_H 1
| #define LT_OBJDIR ".libs/"
| #define ZMQ_HAVE_LINUX 1
| #define HAVE_LIBPTHREAD 1
| #define HAVE_LIBRT 1
| #define STDC_HEADERS 1
| #define HAVE_ERRNO_H 1
| #define HAVE_TIME_H 1
| #define HAVE_UNISTD_H 1
| #define HAVE_LIMITS_H 1
| #define HAVE_STDDEF_H 1
| #define HAVE_STDLIB_H 1
| #define HAVE_STRING_H 1
| #define HAVE_ARPA_INET_H 1
| #define HAVE_NETINET_TCP_H 1
| #define HAVE_NETINET_IN_H 1
| #define HAVE_SYS_SOCKET_H 1
| #define HAVE_SYS_TIME_H 1
| #define HAVE_IFADDRS_H 1
| #define ZMQ_HAVE_IFADDRS 1
| #define HAVE_SYS_UIO_H 1
| #define ZMQ_HAVE_UIO 1
| #define HAVE_SYS_EVENTFD_H 1
| #define ZMQ_HAVE_EVENTFD 1
| #define HAVE_DECL_SO_PEERCRED 1
| #define ZMQ_HAVE_SO_PEERCRED 1
| #define HAVE_DECL_LOCAL_PEERCRED 0
| #define TIME_WITH_SYS_TIME 1
| #define RETSIGTYPE void
| #define HAVE_PERROR 1
| #define HAVE_GETTIMEOFDAY 1
| #define HAVE_CLOCK_GETTIME 1
| /* end confdefs.h.  */
| /* Define memset to an innocuous variant, in case <limits.h> declares memset.
|    For example, HP-UX 11i <limits.h> declares gettimeofday.  */
| #define memset innocuous_memset
| 
| /* System header to define __stub macros and hopefully few prototypes,
|     which can conflict with char memset (); below.
|     Prefer <limits.h> to <assert.h> if __STDC__ is defined, since
|     <limits.h> exists even on freestanding compilers.  */
| 
| #ifdef __STDC__
| # include <limits.h>
| #else
| # include <assert.h>
| #endif
| 
| #undef memset
| 
| /* Override any GCC internal prototype to avoid an error.
|    Use char because int might match the return type of a GCC
|    builtin and then its argument prototype would still apply.  */
| #ifdef __cplusplus
| extern "C"
| #endif
| char memset ();
| /* The GNU C library defines this for functions which it implements
|     to always fail with ENOSYS.  Some functions are actually named
|     something starting with __ and the normal name is an alias.  */
| #if defined __stub_memset || defined __stub___memset
| choke me
| #endif
| 
| int
| main ()
| {
| return memset ();
|   ;
|   return 0;
| }
configure:20056: result: no
configure:20056: checking for socket
configure:20056: g++ -o conftest -fPIC -pedantic -Werror -Wall -D_GNU_SOURCE -D_REENTRANT -D_THREAD_SAFE  -DZMQ_USE_EPOLL  conftest.cpp -lrt -lpthread  >&5
configure:20056: $? = 0
configure:20056: result: yes
configure:20056: checking for getifaddrs
configure:20056: g++ -o conftest -fPIC -pedantic -Werror -Wall -D_GNU_SOURCE -D_REENTRANT -D_THREAD_SAFE  -DZMQ_USE_EPOLL  conftest.cpp -lrt -lpthread  >&5
configure:20056: $? = 0
configure:20056: result: yes
configure:20056: checking for freeifaddrs
configure:20056: g++ -o conftest -fPIC -pedantic -Werror -Wall -D_GNU_SOURCE -D_REENTRANT -D_THREAD_SAFE  -DZMQ_USE_EPOLL  conftest.cpp -lrt -lpthread  >&5
configure:20056: $? = 0
configure:20056: result: yes
configure:20056: checking for fork
configure:20056: g++ -o conftest -fPIC -pedantic -Werror -Wall -D_GNU_SOURCE -D_REENTRANT -D_THREAD_SAFE  -DZMQ_USE_EPOLL  conftest.cpp -lrt -lpthread  >&5
conftest.cpp:79:6: error: declaration of 'char fork()' conflicts with built-in declaration 'int fork()' [-Werror=builtin-declaration-mismatch]
   79 | char fork ();
      |      ^~~~
cc1plus: all warnings being treated as errors
configure:20056: $? = 1
configure: failed program was:
| /* confdefs.h */
| #define PACKAGE_NAME "zeromq"
| #define PACKAGE_TARNAME "zeromq"
| #define PACKAGE_VERSION "4.1.4"
| #define PACKAGE_STRING "zeromq 4.1.4"
| #define PACKAGE_BUGREPORT "zeromq-dev@lists.zeromq.org"
| #define PACKAGE_URL ""
| #define PACKAGE "zeromq"
| #define VERSION "4.1.4"
| #define STDC_HEADERS 1
| #define HAVE_SYS_TYPES_H 1
| #define HAVE_SYS_STAT_H 1
| #define HAVE_STDLIB_H 1
| #define HAVE_STRING_H 1
| #define HAVE_MEMORY_H 1
| #define HAVE_STRINGS_H 1
| #define HAVE_INTTYPES_H 1
| #define HAVE_STDINT_H 1
| #define HAVE_UNISTD_H 1
| #define HAVE_DLFCN_H 1
| #define LT_OBJDIR ".libs/"
| #define ZMQ_HAVE_LINUX 1
| #define HAVE_LIBPTHREAD 1
| #define HAVE_LIBRT 1
| #define STDC_HEADERS 1
| #define HAVE_ERRNO_H 1
| #define HAVE_TIME_H 1
| #define HAVE_UNISTD_H 1
| #define HAVE_LIMITS_H 1
| #define HAVE_STDDEF_H 1
| #define HAVE_STDLIB_H 1
| #define HAVE_STRING_H 1
| #define HAVE_ARPA_INET_H 1
| #define HAVE_NETINET_TCP_H 1
| #define HAVE_NETINET_IN_H 1
| #define HAVE_SYS_SOCKET_H 1
| #define HAVE_SYS_TIME_H 1
| #define HAVE_IFADDRS_H 1
| #define ZMQ_HAVE_IFADDRS 1
| #define HAVE_SYS_UIO_H 1
| #define ZMQ_HAVE_UIO 1
| #define HAVE_SYS_EVENTFD_H 1
| #define ZMQ_HAVE_EVENTFD 1
| #define HAVE_DECL_SO_PEERCRED 1
| #define ZMQ_HAVE_SO_PEERCRED 1
| #define HAVE_DECL_LOCAL_PEERCRED 0
| #define TIME_WITH_SYS_TIME 1
| #define RETSIGTYPE void
| #define HAVE_PERROR 1
| #define HAVE_GETTIMEOFDAY 1
| #define HAVE_CLOCK_GETTIME 1
| #define HAVE_SOCKET 1
| #define HAVE_GETIFADDRS 1
| #define HAVE_FREEIFADDRS 1
| /* end confdefs.h.  */
| /* Define fork to an innocuous variant, in case <limits.h> declares fork.
|    For example, HP-UX 11i <limits.h> declares gettimeofday.  */
| #define fork innocuous_fork
| 
| /* System header to define __stub macros and hopefully few prototypes,
|     which can conflict with char fork (); below.
|     Prefer <limits.h> to <assert.h> if __STDC__ is defined, since
|     <limits.h> exists even on freestanding compilers.  */
| 
| #ifdef __STDC__
| # include <limits.h>
| #else
| # include <assert.h>
| #endif
| 
| #undef fork
| 
| /* Override any GCC internal prototype to avoid an error.
|    Use char because int might match the return type of a GCC
|    builtin and then its argument prototype would still apply.  */
| #ifdef __cplusplus
| extern "C"
| #endif
| char fork ();
| /* The GNU C library defines this for functions which it implements
|     to always fail with ENOSYS.  Some functions are actually named
|     something starting with __ and the normal name is an alias.  */
| #if defined __stub_fork || defined __stub___fork
| choke me
| #endif
| 
| int
| main ()
| {
| return fork ();
|   ;
|   return 0;
| }
configure:20056: result: no
configure:20068: checking alloca.h usability
configure:20068: g++ -c -fPIC -pedantic -Werror -Wall -D_GNU_SOURCE -D_REENTRANT -D_THREAD_SAFE  -DZMQ_USE_EPOLL conftest.cpp >&5
configure:20068: $? = 0
configure:20068: result: yes
configure:20068: checking alloca.h presence
configure:20068: g++ -E -pedantic -Werror -Wall -D_GNU_SOURCE -D_REENTRANT -D_THREAD_SAFE  -DZMQ_USE_EPOLL conftest.cpp
configure:20068: $? = 0
configure:20068: result: yes
configure:20068: checking for alloca.h
configure:20068: result: yes
configure:20080: checking whether SOCK_CLOEXEC is supported
configure:20100: g++ -o conftest -fPIC -pedantic -Werror -Wall -D_GNU_SOURCE -D_REENTRANT -D_THREAD_SAFE  -DZMQ_USE_EPOLL  conftest.cpp -lrt -lpthread  >&5
configure:20100: $? = 0
configure:20100: ./conftest
configure:20100: $? = 0
configure:20101: result: yes
configure:20119: checking whether SO_KEEPALIVE is supported
configure:20142: g++ -o conftest -fPIC -pedantic -Werror -Wall -D_GNU_SOURCE -D_REENTRANT -D_THREAD_SAFE  -DZMQ_USE_EPOLL  conftest.cpp -lrt -lpthread  >&5
configure:20142: $? = 0
configure:20142: ./conftest
configure:20142: $? = 0
configure:20143: result: yes
configure:20160: checking whether TCP_KEEPCNT is supported
configure:20186: g++ -o conftest -fPIC -pedantic -Werror -Wall -D_GNU_SOURCE -D_REENTRANT -D_THREAD_SAFE  -DZMQ_USE_EPOLL  conftest.cpp -lrt -lpthread  >&5
configure:20186: $? = 0
configure:20186: ./conftest
configure:20186: $? = 0
configure:20187: result: yes
configure:20204: checking whether TCP_KEEPIDLE is supported
configure:20230: g++ -o conftest -fPIC -pedantic -Werror -Wall -D_GNU_SOURCE -D_REENTRANT -D_THREAD_SAFE  -DZMQ_USE_EPOLL  conftest.cpp -lrt -lpthread  >&5
configure:20230: $? = 0
configure:20230: ./conftest
configure:20230: $? = 0
configure:20231: result: yes
configure:20248: checking whether TCP_KEEPINTVL is supported
configure:20274: g++ -o conftest -fPIC -pedantic -Werror -Wall -D_GNU_SOURCE -D_REENTRANT -D_THREAD_SAFE  -DZMQ_USE_EPOLL  conftest.cpp -lrt -lpthread  >&5
configure:20274: $? = 0
configure:20274: ./conftest
configure:20274: $? = 0
configure:20275: result: yes
configure:20292: checking whether TCP_KEEPALIVE is supported
configure:20318: g++ -o conftest -fPIC -pedantic -Werror -Wall -D_GNU_SOURCE -D_REENTRANT -D_THREAD_SAFE  -DZMQ_USE_EPOLL  conftest.cpp -lrt -lpthread  >&5
conftest.cpp: In function 'int main(int, char**)':
conftest.cpp:74:44: error: 'TCP_KEEPALIVE' was not declared in this scope; did you mean 'SO_KEEPALIVE'?
   74 |         ((rc = setsockopt (s, IPPROTO_TCP, TCP_KEEPALIVE, (char*) &opt, sizeof (int))) == -1)
      |                                            ^~~~~~~~~~~~~
      |                                            SO_KEEPALIVE
configure:20318: $? = 1
configure: program exited with status 1
configure: failed program was:
| /* confdefs.h */
| #define PACKAGE_NAME "zeromq"
| #define PACKAGE_TARNAME "zeromq"
| #define PACKAGE_VERSION "4.1.4"
| #define PACKAGE_STRING "zeromq 4.1.4"
| #define PACKAGE_BUGREPORT "zeromq-dev@lists.zeromq.org"
| #define PACKAGE_URL ""
| #define PACKAGE "zeromq"
| #define VERSION "4.1.4"
| #define STDC_HEADERS 1
| #define HAVE_SYS_TYPES_H 1
| #define HAVE_SYS_STAT_H 1
| #define HAVE_STDLIB_H 1
| #define HAVE_STRING_H 1
| #define HAVE_MEMORY_H 1
| #define HAVE_STRINGS_H 1
| #define HAVE_INTTYPES_H 1
| #define HAVE_STDINT_H 1
| #define HAVE_UNISTD_H 1
| #define HAVE_DLFCN_H 1
| #define LT_OBJDIR ".libs/"
| #define ZMQ_HAVE_LINUX 1
| #define HAVE_LIBPTHREAD 1
| #define HAVE_LIBRT 1
| #define STDC_HEADERS 1
| #define HAVE_ERRNO_H 1
| #define HAVE_TIME_H 1
| #define HAVE_UNISTD_H 1
| #define HAVE_LIMITS_H 1
| #define HAVE_STDDEF_H 1
| #define HAVE_STDLIB_H 1
| #define HAVE_STRING_H 1
| #define HAVE_ARPA_INET_H 1
| #define HAVE_NETINET_TCP_H 1
| #define HAVE_NETINET_IN_H 1
| #define HAVE_SYS_SOCKET_H 1
| #define HAVE_SYS_TIME_H 1
| #define HAVE_IFADDRS_H 1
| #define ZMQ_HAVE_IFADDRS 1
| #define HAVE_SYS_UIO_H 1
| #define ZMQ_HAVE_UIO 1
| #define HAVE_SYS_EVENTFD_H 1
| #define ZMQ_HAVE_EVENTFD 1
| #define HAVE_DECL_SO_PEERCRED 1
| #define ZMQ_HAVE_SO_PEERCRED 1
| #define HAVE_DECL_LOCAL_PEERCRED 0
| #define TIME_WITH_SYS_TIME 1
| #define RETSIGTYPE void
| #define HAVE_PERROR 1
| #define HAVE_GETTIMEOFDAY 1
| #define HAVE_CLOCK_GETTIME 1
| #define HAVE_SOCKET 1
| #define HAVE_GETIFADDRS 1
| #define HAVE_FREEIFADDRS 1
| #define HAVE_ALLOCA_H 1
| #define ZMQ_HAVE_SOCK_CLOEXEC 1
| #define ZMQ_HAVE_SO_KEEPALIVE 1
| #define ZMQ_HAVE_TCP_KEEPCNT 1
| #define ZMQ_HAVE_TCP_KEEPIDLE 1
| #define ZMQ_HAVE_TCP_KEEPINTVL 1
| /* end confdefs.h.  */
| /* TCP_KEEPALIVE test */
| #include <sys/types.h>
| #include <sys/socket.h>
| #include <netinet/in.h>
| #include <netinet/tcp.h>
| 
| int main (int argc, char *argv [])
| {
|     int s, rc, opt = 1;
|     return (
|         ((s = socket (PF_INET, SOCK_STREAM, 0)) == -1) ||
|         ((rc = setsockopt (s, SOL_SOCKET, SO_KEEPALIVE, (char*) &opt, sizeof (int))) == -1) ||
|         ((rc = setsockopt (s, IPPROTO_TCP, TCP_KEEPALIVE, (char*) &opt, sizeof (int))) == -1)
|     );
| }
| 
configure:20326: result: no
configure:20472: checking that generated files are newer than configure
configure:20478: result: done
configure:20545: creating ./config.status

## ---------------------- ##
## Running config.status. ##
## ---------------------- ##

This file was extended by zeromq config.status 4.1.4, which was
generated by GNU Autoconf 2.69.  Invocation command line was

  CONFIG_FILES    = 
  CONFIG_HEADERS  = 
  CONFIG_LINKS    = 
  CONFIG_COMMANDS = 
  $ ./config.status 

on cloud3

config.status:1224: creating Makefile
config.status:1224: creating src/libzmq.pc
config.status:1224: creating doc/Makefile
config.status:1224: creating builds/msvc/Makefile
config.status:1224: creating builds/redhat/zeromq.spec
config.status:1224: creating src/platform.hpp
config.status:1453: executing depfiles commands
config.status:1453: executing libtool commands

## ---------------- ##
## Cache variables. ##
## ---------------- ##

ac_cv_build=x86_64-unknown-linux-gnu
ac_cv_c_compiler_gnu=yes
ac_cv_c_const=yes
ac_cv_c_inline=inline
ac_cv_c_uint32_t=yes
ac_cv_c_volatile=yes
ac_cv_cxx_compiler_gnu=yes
ac_cv_env_ASCIIDOC_set=
ac_cv_env_ASCIIDOC_value=
ac_cv_env_CCC_set=
ac_cv_env_CCC_value=
ac_cv_env_CC_set=
ac_cv_env_CC_value=
ac_cv_env_CFLAGS_set=set
ac_cv_env_CFLAGS_value=-fPIC
ac_cv_env_CPPFLAGS_set=
ac_cv_env_CPPFLAGS_value=
ac_cv_env_CPP_set=
ac_cv_env_CPP_value=
ac_cv_env_CXXCPP_set=
ac_cv_env_CXXCPP_value=
ac_cv_env_CXXFLAGS_set=set
ac_cv_env_CXXFLAGS_value=-fPIC
ac_cv_env_CXX_set=
ac_cv_env_CXX_value=
ac_cv_env_LDFLAGS_set=
ac_cv_env_LDFLAGS_value=
ac_cv_env_LIBS_set=
ac_cv_env_LIBS_value=
ac_cv_env_PKG_CONFIG_LIBDIR_set=
ac_cv_env_PKG_CONFIG_LIBDIR_value=
ac_cv_env_PKG_CONFIG_PATH_set=
ac_cv_env_PKG_CONFIG_PATH_value=
ac_cv_env_PKG_CONFIG_set=
ac_cv_env_PKG_CONFIG_value=
ac_cv_env_XMLTO_set=
ac_cv_env_XMLTO_value=
ac_cv_env_build_alias_set=
ac_cv_env_build_alias_value=
ac_cv_env_host_alias_set=
ac_cv_env_host_alias_value=
ac_cv_env_pgm_CFLAGS_set=
ac_cv_env_pgm_CFLAGS_value=
ac_cv_env_pgm_LIBS_set=
ac_cv_env_pgm_LIBS_value=
ac_cv_env_sodium_CFLAGS_set=
ac_cv_env_sodium_CFLAGS_value=
ac_cv_env_sodium_LIBS_set=
ac_cv_env_sodium_LIBS_value=
ac_cv_env_target_alias_set=
ac_cv_env_target_alias_value=
ac_cv_func_clock_gettime=yes
ac_cv_func_fork=no
ac_cv_func_freeifaddrs=yes
ac_cv_func_getifaddrs=yes
ac_cv_func_gettimeofday=yes
ac_cv_func_memset=no
ac_cv_func_perror=yes
ac_cv_func_socket=yes
ac_cv_have_decl_LOCAL_PEERCRED=no
ac_cv_have_decl_SO_PEERCRED=yes
ac_cv_header_alloca_h=yes
ac_cv_header_arpa_inet_h=yes
ac_cv_header_dlfcn_h=yes
ac_cv_header_errno_h=yes
ac_cv_header_ifaddrs_h=yes
ac_cv_header_inttypes_h=yes
ac_cv_header_limits_h=yes
ac_cv_header_memory_h=yes
ac_cv_header_netinet_in_h=yes
ac_cv_header_netinet_tcp_h=yes
ac_cv_header_stdbool_h=no
ac_cv_header_stdc=yes
ac_cv_header_stddef_h=yes
ac_cv_header_stdint_h=yes
ac_cv_header_stdlib_h=yes
ac_cv_header_string_h=yes
ac_cv_header_strings_h=yes
ac_cv_header_sys_eventfd_h=yes
ac_cv_header_sys_socket_h=yes
ac_cv_header_sys_stat_h=yes
ac_cv_header_sys_time_h=yes
ac_cv_header_sys_types_h=yes
ac_cv_header_sys_uio_h=yes
ac_cv_header_time=yes
ac_cv_header_time_h=yes
ac_cv_header_unistd_h=yes
ac_cv_host=x86_64-unknown-linux-gnu
ac_cv_lib_pthread_pthread_create=yes
ac_cv_lib_rt_clock_gettime=yes
ac_cv_objext=o
ac_cv_path_EGREP='/bin/grep -E'
ac_cv_path_FGREP='/bin/grep -F'
ac_cv_path_GREP=/bin/grep
ac_cv_path_SED=/bin/sed
ac_cv_path_ac_pt_PKG_CONFIG=/usr/bin/pkg-config
ac_cv_path_install='/usr/bin/install -c'
ac_cv_path_mkdir=/bin/mkdir
ac_cv_prog_AWK=mawk
ac_cv_prog_CPP='gcc -E'
ac_cv_prog_CXXCPP='g++ -E'
ac_cv_prog_ac_ct_AR=ar
ac_cv_prog_ac_ct_CC=gcc
ac_cv_prog_ac_ct_CXX=g++
ac_cv_prog_ac_ct_DLLTOOL=dlltool
ac_cv_prog_ac_ct_MANIFEST_TOOL=mt
ac_cv_prog_ac_ct_OBJDUMP=objdump
ac_cv_prog_ac_ct_RANLIB=ranlib
ac_cv_prog_ac_ct_STRIP=strip
ac_cv_prog_cc_c89=
ac_cv_prog_cc_c99=
ac_cv_prog_cc_g=yes
ac_cv_prog_cxx_g=yes
ac_cv_prog_libzmq_have_asciidoc=no
ac_cv_prog_libzmq_have_xmlto=no
ac_cv_prog_make_make_set=yes
ac_cv_type__Bool=no
ac_cv_type_signal=void
ac_cv_type_size_t=yes
ac_cv_type_ssize_t=yes
am_cv_CC_dependencies_compiler_type=gcc3
am_cv_CXX_dependencies_compiler_type=gcc3
am_cv_make_support_nested_variables=yes
am_cv_prog_cc_c_o=yes
am_cv_prog_tar_ustar=gnutar
libzmq_cv_c_clang_compiler=no
libzmq_cv_c_compiler_works=yes
libzmq_cv_c_gcc4_compiler=yes
libzmq_cv_c_intel_compiler=no
libzmq_cv_c_sun_studio_compiler=no
libzmq_cv_check_lang_flag_save_CPPFLAGS='-D_GNU_SOURCE -D_REENTRANT -D_THREAD_SAFE '
libzmq_cv_cxx_clang_compiler=no
libzmq_cv_cxx_compiler_works=yes
libzmq_cv_cxx_gcc4_compiler=yes
libzmq_cv_cxx_intel_compiler=no
libzmq_cv_cxx_strict_flag=-pedantic
libzmq_cv_cxx_sun_studio_compiler=no
libzmq_cv_cxx_supports_flag__fvisibility_hidden=yes
libzmq_cv_cxx_visibility_flag=-fvisibility=hidden
libzmq_cv_cxx_wall_flag=-Wall
libzmq_cv_cxx_werror_flag=-Werror
libzmq_cv_cxx_werror_flag_save=
libzmq_cv_have_poller_epoll=yes
libzmq_cv_have_poller_kqueue=no
libzmq_cv_poller=epoll
libzmq_cv_poller_flag=ZMQ_USE_EPOLL
libzmq_cv_so_keepalive=yes
libzmq_cv_sock_cloexec=yes
libzmq_cv_tcp_keepalive=no
libzmq_cv_tcp_keepcnt=yes
libzmq_cv_tcp_keepidle=yes
libzmq_cv_tcp_keepintvl=yes
lt_cv_ar_at_file=@
lt_cv_archive_cmds_need_lc=no
lt_cv_deplibs_check_method=pass_all
lt_cv_file_magic_cmd='$MAGIC_CMD'
lt_cv_file_magic_test_file=
lt_cv_ld_reload_flag=-r
lt_cv_nm_interface='BSD nm'
lt_cv_objdir=.libs
lt_cv_path_LD=/usr/bin/ld
lt_cv_path_LDCXX='/usr/bin/ld -m elf_x86_64'
lt_cv_path_NM='/usr/bin/nm -B'
lt_cv_path_mainfest_tool=no
lt_cv_prog_compiler_c_o=yes
lt_cv_prog_compiler_c_o_CXX=yes
lt_cv_prog_compiler_pic='-fPIC -DPIC'
lt_cv_prog_compiler_pic_CXX='-fPIC -DPIC'
lt_cv_prog_compiler_pic_works=yes
lt_cv_prog_compiler_pic_works_CXX=yes
lt_cv_prog_compiler_rtti_exceptions=no
lt_cv_prog_compiler_static_works=yes
lt_cv_prog_compiler_static_works_CXX=yes
lt_cv_prog_gnu_ld=yes
lt_cv_prog_gnu_ldcxx=yes
lt_cv_sharedlib_from_linklib_cmd='printf %s\n'
lt_cv_shlibpath_overrides_runpath=no
lt_cv_sys_global_symbol_pipe='sed -n -e '\''s/^.*[	 ]\([ABCDGIRSTW][ABCDGIRSTW]*\)[	 ][	 ]*\([_A-Za-z][_A-Za-z0-9]*\)$/\1 \2 \2/p'\'' | sed '\''/ __gnu_lto/d'\'''
lt_cv_sys_global_symbol_to_c_name_address='sed -n -e '\''s/^: \([^ ]*\)[ ]*$/  {\"\1\", (void *) 0},/p'\'' -e '\''s/^[ABCDGIRSTW]* \([^ ]*\) \([^ ]*\)$/  {"\2", (void *) \&\2},/p'\'''
lt_cv_sys_global_symbol_to_c_name_address_lib_prefix='sed -n -e '\''s/^: \([^ ]*\)[ ]*$/  {\"\1\", (void *) 0},/p'\'' -e '\''s/^[ABCDGIRSTW]* \([^ ]*\) \(lib[^ ]*\)$/  {"\2", (void *) \&\2},/p'\'' -e '\''s/^[ABCDGIRSTW]* \([^ ]*\) \([^ ]*\)$/  {"lib\2", (void *) \&\2},/p'\'''
lt_cv_sys_global_symbol_to_cdecl='sed -n -e '\''s/^T .* \(.*\)$/extern int \1();/p'\'' -e '\''s/^[ABCDGIRSTW]* .* \(.*\)$/extern char \1;/p'\'''
lt_cv_sys_max_cmd_len=1572864
lt_cv_to_host_file_cmd=func_convert_file_noop
lt_cv_to_tool_file_cmd=func_convert_file_noop

## ----------------- ##
## Output variables. ##
## ----------------- ##

ACLOCAL='${SHELL} /home/fwj/constellation/github-remote/ps-lite-elastic/zeromq-4.1.4/config/missing aclocal-1.14'
AMDEPBACKSLASH='\'
AMDEP_FALSE='#'
AMDEP_TRUE=''
AMTAR='$${TAR-tar}'
AM_BACKSLASH='\'
AM_DEFAULT_V='$(AM_DEFAULT_VERBOSITY)'
AM_DEFAULT_VERBOSITY='0'
AM_V='$(V)'
AR='ar'
AS='as'
ASCIIDOC=''
AUTOCONF='${SHELL} /home/fwj/constellation/github-remote/ps-lite-elastic/zeromq-4.1.4/config/missing autoconf'
AUTOHEADER='${SHELL} /home/fwj/constellation/github-remote/ps-lite-elastic/zeromq-4.1.4/config/missing autoheader'
AUTOMAKE='${SHELL} /home/fwj/constellation/github-remote/ps-lite-elastic/zeromq-4.1.4/config/missing automake-1.14'
AWK='mawk'
BUILD_DOC_FALSE=''
BUILD_DOC_TRUE='#'
BUILD_TIPC_FALSE=''
BUILD_TIPC_TRUE='#'
CC='gcc'
CCDEPMODE='depmode=gcc3'
CFLAGS='-fPIC'
CPP='gcc -E'
CPPFLAGS='-pedantic -Werror -Wall -D_GNU_SOURCE -D_REENTRANT -D_THREAD_SAFE  -DZMQ_USE_EPOLL'
CXX='g++'
CXXCPP='g++ -E'
CXXDEPMODE='depmode=gcc3'
CXXFLAGS='-fPIC'
CYGPATH_W='echo'
DEFS='-DHAVE_CONFIG_H'
DEPDIR='.deps'
DLLTOOL='dlltool'
DSYMUTIL=''
DUMPBIN=''
ECHO_C=''
ECHO_N='-n'
ECHO_T=''
EGREP='/bin/grep -E'
EXEEXT=''
FGREP='/bin/grep -F'
GREP='/bin/grep'
HAVE_FORK_FALSE=''
HAVE_FORK_TRUE='#'
HAVE_IPC_PEERCRED_FALSE='#'
HAVE_IPC_PEERCRED_TRUE=''
HAVE_PGM_FALSE=''
HAVE_PGM_TRUE='#'
HAVE_SODIUM_FALSE=''
HAVE_SODIUM_TRUE='#'
INSTALL_DATA='${INSTALL} -m 644'
INSTALL_MAN_FALSE='#'
INSTALL_MAN_TRUE=''
INSTALL_PROGRAM='${INSTALL}'
INSTALL_SCRIPT='${INSTALL}'
INSTALL_STRIP_PROGRAM='$(install_sh) -c -s'
LD='/usr/bin/ld -m elf_x86_64'
LDFLAGS=''
LIBOBJS=''
LIBS='-lrt -lpthread '
LIBTOOL='$(SHELL) $(top_builddir)/libtool'
LIBZMQ_EXTRA_CFLAGS=''
LIBZMQ_EXTRA_CXXFLAGS='-fvisibility=hidden '
LIBZMQ_EXTRA_LDFLAGS=''
LIPO=''
LN_S='ln -s'
LTLIBOBJS=''
LTVER='5:0:0'
MAKEINFO='${SHELL} /home/fwj/constellation/github-remote/ps-lite-elastic/zeromq-4.1.4/config/missing makeinfo'
MANIFEST_TOOL=':'
MKDIR_P='/bin/mkdir -p'
NM='/usr/bin/nm -B'
NMEDIT=''
OBJDUMP='objdump'
OBJEXT='o'
ON_ANDROID_FALSE=''
ON_ANDROID_TRUE='#'
ON_LINUX_FALSE='#'
ON_LINUX_TRUE=''
ON_MINGW_FALSE=''
ON_MINGW_TRUE='#'
OTOOL64=''
OTOOL=''
PACKAGE='zeromq'
PACKAGE_BUGREPORT='zeromq-dev@lists.zeromq.org'
PACKAGE_NAME='zeromq'
PACKAGE_STRING='zeromq 4.1.4'
PACKAGE_TARNAME='zeromq'
PACKAGE_URL=''
PACKAGE_VERSION='4.1.4'
PATH_SEPARATOR=':'
PKG_CONFIG='/usr/bin/pkg-config'
PKG_CONFIG_LIBDIR=''
PKG_CONFIG_PATH=''
RANLIB='ranlib'
SED='/bin/sed'
SET_MAKE=''
SHELL='/bin/bash'
STRIP='strip'
VERSION='4.1.4'
XMLTO=''
ac_ct_AR='ar'
ac_ct_CC='gcc'
ac_ct_CXX='g++'
ac_ct_DUMPBIN=''
am__EXEEXT_FALSE=''
am__EXEEXT_TRUE='#'
am__fastdepCC_FALSE='#'
am__fastdepCC_TRUE=''
am__fastdepCXX_FALSE='#'
am__fastdepCXX_TRUE=''
am__include='include'
am__isrc=''
am__leading_dot='.'
am__nodep='_no'
am__quote=''
am__tar='tar --format=ustar -chf - "$$tardir"'
am__untar='tar -xf -'
bindir='${exec_prefix}/bin'
build='x86_64-unknown-linux-gnu'
build_alias=''
build_cpu='x86_64'
build_os='linux-gnu'
build_vendor='unknown'
datadir='${datarootdir}'
datarootdir='${prefix}/share'
docdir='${datarootdir}/doc/${PACKAGE_TARNAME}'
dvidir='${docdir}'
exec_prefix='${prefix}'
host='x86_64-unknown-linux-gnu'
host_alias=''
host_cpu='x86_64'
host_os='linux-gnu'
host_vendor='unknown'
htmldir='${docdir}'
includedir='${prefix}/include'
infodir='${datarootdir}/info'
install_sh='${SHELL} /home/fwj/constellation/github-remote/ps-lite-elastic/zeromq-4.1.4/config/install-sh'
libdir='${exec_prefix}/lib'
libexecdir='${exec_prefix}/libexec'
libzmq_have_asciidoc='no'
libzmq_have_xmlto='no'
localedir='${datarootdir}/locale'
localstatedir='${prefix}/var'
mandir='${datarootdir}/man'
mkdir_p='$(MKDIR_P)'
oldincludedir='/usr/include'
pdfdir='${docdir}'
pgm_CFLAGS=''
pgm_LIBS=''
pkgconfigdir='${libdir}/pkgconfig'
prefix='/home/fwj/constellation/github-remote/ps-lite-elastic/deps'
program_transform_name='s,x,x,'
psdir='${docdir}'
sbindir='${exec_prefix}/sbin'
sharedstatedir='${prefix}/com'
sodium_CFLAGS=''
sodium_LIBS=''
sysconfdir='${prefix}/etc'
target_alias=''

## ----------- ##
## confdefs.h. ##
## ----------- ##

/* confdefs.h */
#define PACKAGE_NAME "zeromq"
#define PACKAGE_TARNAME "zeromq"
#define PACKAGE_VERSION "4.1.4"
#define PACKAGE_STRING "zeromq 4.1.4"
#define PACKAGE_BUGREPORT "zeromq-dev@lists.zeromq.org"
#define PACKAGE_URL ""
#define PACKAGE "zeromq"
#define VERSION "4.1.4"
#define STDC_HEADERS 1
#define HAVE_SYS_TYPES_H 1
#define HAVE_SYS_STAT_H 1
#define HAVE_STDLIB_H 1
#define HAVE_STRING_H 1
#define HAVE_MEMORY_H 1
#define HAVE_STRINGS_H 1
#define HAVE_INTTYPES_H 1
#define HAVE_STDINT_H 1
#define HAVE_UNISTD_H 1
#define HAVE_DLFCN_H 1
#define LT_OBJDIR ".libs/"
#define ZMQ_HAVE_LINUX 1
#define HAVE_LIBPTHREAD 1
#define HAVE_LIBRT 1
#define STDC_HEADERS 1
#define HAVE_ERRNO_H 1
#define HAVE_TIME_H 1
#define HAVE_UNISTD_H 1
#define HAVE_LIMITS_H 1
#define HAVE_STDDEF_H 1
#define HAVE_STDLIB_H 1
#define HAVE_STRING_H 1
#define HAVE_ARPA_INET_H 1
#define HAVE_NETINET_TCP_H 1
#define HAVE_NETINET_IN_H 1
#define HAVE_SYS_SOCKET_H 1
#define HAVE_SYS_TIME_H 1
#define HAVE_IFADDRS_H 1
#define ZMQ_HAVE_IFADDRS 1
#define HAVE_SYS_UIO_H 1
#define ZMQ_HAVE_UIO 1
#define HAVE_SYS_EVENTFD_H 1
#define ZMQ_HAVE_EVENTFD 1
#define HAVE_DECL_SO_PEERCRED 1
#define ZMQ_HAVE_SO_PEERCRED 1
#define HAVE_DECL_LOCAL_PEERCRED 0
#define TIME_WITH_SYS_TIME 1
#define RETSIGTYPE void
#define HAVE_PERROR 1
#define HAVE_GETTIMEOFDAY 1
#define HAVE_CLOCK_GETTIME 1
#define HAVE_SOCKET 1
#define HAVE_GETIFADDRS 1
#define HAVE_FREEIFADDRS 1
#define HAVE_ALLOCA_H 1
#define ZMQ_HAVE_SOCK_CLOEXEC 1
#define ZMQ_HAVE_SO_KEEPALIVE 1
#define ZMQ_HAVE_TCP_KEEPCNT 1
#define ZMQ_HAVE_TCP_KEEPIDLE 1
#define ZMQ_HAVE_TCP_KEEPINTVL 1

configure: exit 0
